;  LST file generated by mikroListExporter - v.2.0 
; Date/Time: 19/06/2019 19:14:20
;----------------------------------------------

;Address Opcode 	ASM
0x0000	0xF003EF6B  	GOTO        1750
0x0004	0x0000      	NOP
0x0006	0x0000      	NOP
0x0008	0xF000EF00  	GOTO        0
0x000C	0x0000      	NOP
0x000E	0x0000      	NOP
0x0010	0x0000      	NOP
0x0012	0x0000      	NOP
0x0014	0x0000      	NOP
0x0016	0x0000      	NOP
0x0018	0xD7F3      	BRA         0
_Delay_50us:
;__Lib_Delays.c,19 :: 		void Delay_50us() {
;__Lib_Delays.c,20 :: 		Delay_us(50);
0x001C	0x0EC7      	MOVLW       199
0x001E	0x6E0D      	MOVWF       R13, 0
L_Delay_50us3:
0x0020	0x2E0D      	DECFSZ      R13, 1, 0
0x0022	0xD7FE      	BRA         L_Delay_50us3
0x0024	0x0000      	NOP
0x0026	0x0000      	NOP
;__Lib_Delays.c,21 :: 		}
L_end_Delay_50us:
0x0028	0x0012      	RETURN      0
; end of _Delay_50us
_Delay_5500us:
;__Lib_Delays.c,31 :: 		void Delay_5500us() {
;__Lib_Delays.c,32 :: 		Delay_us(5500);
0x002A	0x0E56      	MOVLW       86
0x002C	0x6E0C      	MOVWF       R12, 0
0x002E	0x0EB5      	MOVLW       181
0x0030	0x6E0D      	MOVWF       R13, 0
L_Delay_5500us6:
0x0032	0x2E0D      	DECFSZ      R13, 1, 0
0x0034	0xD7FE      	BRA         L_Delay_5500us6
0x0036	0x2E0C      	DECFSZ      R12, 1, 0
0x0038	0xD7FC      	BRA         L_Delay_5500us6
0x003A	0x0000      	NOP
0x003C	0x0000      	NOP
;__Lib_Delays.c,33 :: 		}
L_end_Delay_5500us:
0x003E	0x0012      	RETURN      0
; end of _Delay_5500us
_Delay_1us:
;__Lib_Delays.c,7 :: 		void Delay_1us() {
;__Lib_Delays.c,8 :: 		Delay_us(1);
0x0040	0x0E03      	MOVLW       3
0x0042	0x6E0D      	MOVWF       R13, 0
L_Delay_1us0:
0x0044	0x2E0D      	DECFSZ      R13, 1, 0
0x0046	0xD7FE      	BRA         L_Delay_1us0
0x0048	0x0000      	NOP
0x004A	0x0000      	NOP
;__Lib_Delays.c,9 :: 		}
L_end_Delay_1us:
0x004C	0x0012      	RETURN      0
; end of _Delay_1us
_Lcd_Cmd:
;__Lib_Lcd.c,18 :: 		
;__Lib_Lcd.c,20 :: 		
0x004E	0x0101      	MOVLB       1
0x0050	0xBFFB      	BTFSC       FARG_Lcd_Cmd_out_char, 7, 1
0x0052	0xD002      	BRA         L__Lcd_Cmd21
0x0054	0x9E83      	BCF         LCD_D7, BitPos(LCD_D7+0) 
0x0056	0xD001      	BRA         L__Lcd_Cmd22
L__Lcd_Cmd21:
0x0058	0x8E83      	BSF         LCD_D7, BitPos(LCD_D7+0) 
L__Lcd_Cmd22:
;__Lib_Lcd.c,21 :: 		
0x005A	0xBDFB      	BTFSC       FARG_Lcd_Cmd_out_char, 6, 1
0x005C	0xD002      	BRA         L__Lcd_Cmd23
0x005E	0x9C83      	BCF         LCD_D6, BitPos(LCD_D6+0) 
0x0060	0xD001      	BRA         L__Lcd_Cmd24
L__Lcd_Cmd23:
0x0062	0x8C83      	BSF         LCD_D6, BitPos(LCD_D6+0) 
L__Lcd_Cmd24:
;__Lib_Lcd.c,22 :: 		
0x0064	0xBBFB      	BTFSC       FARG_Lcd_Cmd_out_char, 5, 1
0x0066	0xD002      	BRA         L__Lcd_Cmd25
0x0068	0x9A83      	BCF         LCD_D5, BitPos(LCD_D5+0) 
0x006A	0xD001      	BRA         L__Lcd_Cmd26
L__Lcd_Cmd25:
0x006C	0x8A83      	BSF         LCD_D5, BitPos(LCD_D5+0) 
L__Lcd_Cmd26:
;__Lib_Lcd.c,23 :: 		
0x006E	0xB9FB      	BTFSC       FARG_Lcd_Cmd_out_char, 4, 1
0x0070	0xD002      	BRA         L__Lcd_Cmd27
0x0072	0x9883      	BCF         LCD_D4, BitPos(LCD_D4+0) 
0x0074	0xD001      	BRA         L__Lcd_Cmd28
L__Lcd_Cmd27:
0x0076	0x8883      	BSF         LCD_D4, BitPos(LCD_D4+0) 
L__Lcd_Cmd28:
;__Lib_Lcd.c,25 :: 		
0x0078	0xB1DE      	BTFSC       __Lib_Lcd_cmd_status, BitPos(__Lib_Lcd_cmd_status+0), 1
0x007A	0xD002      	BRA         L__Lcd_Cmd29
0x007C	0x8082      	BSF         LCD_RS, BitPos(LCD_RS+0) 
0x007E	0xD001      	BRA         L__Lcd_Cmd30
L__Lcd_Cmd29:
0x0080	0x9082      	BCF         LCD_RS, BitPos(LCD_RS+0) 
L__Lcd_Cmd30:
;__Lib_Lcd.c,28 :: 		
0x0082	0x8282      	BSF         LCD_EN, BitPos(LCD_EN+0) 
;__Lib_Lcd.c,29 :: 		
0x0084	0xDFDD      	RCALL       _Delay_1us
;__Lib_Lcd.c,30 :: 		
0x0086	0x9282      	BCF         LCD_EN, BitPos(LCD_EN+0) 
;__Lib_Lcd.c,33 :: 		
0x0088	0xB7FB      	BTFSC       FARG_Lcd_Cmd_out_char, 3, 1
0x008A	0xD002      	BRA         L__Lcd_Cmd31
0x008C	0x9E83      	BCF         LCD_D7, BitPos(LCD_D7+0) 
0x008E	0xD001      	BRA         L__Lcd_Cmd32
L__Lcd_Cmd31:
0x0090	0x8E83      	BSF         LCD_D7, BitPos(LCD_D7+0) 
L__Lcd_Cmd32:
;__Lib_Lcd.c,34 :: 		
0x0092	0xB5FB      	BTFSC       FARG_Lcd_Cmd_out_char, 2, 1
0x0094	0xD002      	BRA         L__Lcd_Cmd33
0x0096	0x9C83      	BCF         LCD_D6, BitPos(LCD_D6+0) 
0x0098	0xD001      	BRA         L__Lcd_Cmd34
L__Lcd_Cmd33:
0x009A	0x8C83      	BSF         LCD_D6, BitPos(LCD_D6+0) 
L__Lcd_Cmd34:
;__Lib_Lcd.c,35 :: 		
0x009C	0xB3FB      	BTFSC       FARG_Lcd_Cmd_out_char, 1, 1
0x009E	0xD002      	BRA         L__Lcd_Cmd35
0x00A0	0x9A83      	BCF         LCD_D5, BitPos(LCD_D5+0) 
0x00A2	0xD001      	BRA         L__Lcd_Cmd36
L__Lcd_Cmd35:
0x00A4	0x8A83      	BSF         LCD_D5, BitPos(LCD_D5+0) 
L__Lcd_Cmd36:
;__Lib_Lcd.c,36 :: 		
0x00A6	0xB1FB      	BTFSC       FARG_Lcd_Cmd_out_char, 0, 1
0x00A8	0xD002      	BRA         L__Lcd_Cmd37
0x00AA	0x9883      	BCF         LCD_D4, BitPos(LCD_D4+0) 
0x00AC	0xD001      	BRA         L__Lcd_Cmd38
L__Lcd_Cmd37:
0x00AE	0x8883      	BSF         LCD_D4, BitPos(LCD_D4+0) 
L__Lcd_Cmd38:
;__Lib_Lcd.c,38 :: 		
0x00B0	0xB1DE      	BTFSC       __Lib_Lcd_cmd_status, BitPos(__Lib_Lcd_cmd_status+0), 1
0x00B2	0xD002      	BRA         L__Lcd_Cmd39
0x00B4	0x8082      	BSF         LCD_RS, BitPos(LCD_RS+0) 
0x00B6	0xD001      	BRA         L__Lcd_Cmd40
L__Lcd_Cmd39:
0x00B8	0x9082      	BCF         LCD_RS, BitPos(LCD_RS+0) 
L__Lcd_Cmd40:
;__Lib_Lcd.c,40 :: 		
0x00BA	0x8282      	BSF         LCD_EN, BitPos(LCD_EN+0) 
;__Lib_Lcd.c,41 :: 		
0x00BC	0xDFC1      	RCALL       _Delay_1us
;__Lib_Lcd.c,42 :: 		
0x00BE	0x9282      	BCF         LCD_EN, BitPos(LCD_EN+0) 
;__Lib_Lcd.c,44 :: 		
0x00C0	0xA1DE      	BTFSS       __Lib_Lcd_cmd_status, BitPos(__Lib_Lcd_cmd_status+0), 1
0x00C2	0xD002      	BRA         L_Lcd_Cmd0
;__Lib_Lcd.c,45 :: 		
0x00C4	0xDFB2      	RCALL       _Delay_5500us
0x00C6	0xD001      	BRA         L_Lcd_Cmd1
L_Lcd_Cmd0:
;__Lib_Lcd.c,47 :: 		
0x00C8	0xDFA9      	RCALL       _Delay_50us
L_Lcd_Cmd1:
;__Lib_Lcd.c,48 :: 		
L_end_Lcd_Cmd:
0x00CA	0x0012      	RETURN      0
; end of _Lcd_Cmd
_UART1_Write:
;__Lib_UART_c67.c,58 :: 		
;__Lib_UART_c67.c,59 :: 		
L_UART1_Write3:
0x00CC	0xB2AC      	BTFSC       TXSTA, 1 
0x00CE	0xD002      	BRA         L_UART1_Write4
;__Lib_UART_c67.c,60 :: 		
0x00D0	0x0000      	NOP
0x00D2	0xD7FC      	BRA         L_UART1_Write3
L_UART1_Write4:
;__Lib_UART_c67.c,61 :: 		
0x00D4	0xFFADC1FA  	MOVFF       FARG_UART1_Write_data_, TXREG
;__Lib_UART_c67.c,62 :: 		
L_end_UART1_Write:
0x00D8	0x0012      	RETURN      0
; end of _UART1_Write
_Lcd_Chr_CP:
;__Lib_Lcd.c,50 :: 		
;__Lib_Lcd.c,52 :: 		
0x00DA	0x0101      	MOVLB       1
0x00DC	0x91DE      	BCF         __Lib_Lcd_cmd_status, BitPos(__Lib_Lcd_cmd_status+0), 1
;__Lib_Lcd.c,53 :: 		
0x00DE	0xF1FBC1FA  	MOVFF       FARG_Lcd_Chr_CP_out_char, FARG_Lcd_Cmd_out_char
0x00E2	0xDFB5      	RCALL       _Lcd_Cmd
;__Lib_Lcd.c,54 :: 		
0x00E4	0x81DE      	BSF         __Lib_Lcd_cmd_status, BitPos(__Lib_Lcd_cmd_status+0), 1
;__Lib_Lcd.c,55 :: 		
L_end_Lcd_Chr_CP:
0x00E6	0x0012      	RETURN      0
; end of _Lcd_Chr_CP
_Lcd_Out_CP:
;__Lib_Lcd.c,57 :: 		
;__Lib_Lcd.c,59 :: 		
0x00E8	0x0101      	MOVLB       1
0x00EA	0x6BF8      	CLRF        Lcd_Out_CP_i_L0, 1
;__Lib_Lcd.c,60 :: 		
L_Lcd_Out_CP2:
0x00EC	0x51F8      	MOVF        Lcd_Out_CP_i_L0, 0, 1
0x00EE	0x25F6      	ADDWF       FARG_Lcd_Out_CP_text, 0, 1
0x00F0	0x6EE9      	MOVWF       FSR0L 
0x00F2	0x0E00      	MOVLW       0
0x00F4	0x21F7      	ADDWFC      FARG_Lcd_Out_CP_text+1, 0, 1
0x00F6	0x6EEA      	MOVWF       FSR0H 
0x00F8	0x52EE      	MOVF        POSTINC0, 1 
0x00FA	0xE00B      	BZ          L_Lcd_Out_CP3
;__Lib_Lcd.c,61 :: 		
0x00FC	0x51F8      	MOVF        Lcd_Out_CP_i_L0, 0, 1
0x00FE	0x25F6      	ADDWF       FARG_Lcd_Out_CP_text, 0, 1
0x0100	0x6EE9      	MOVWF       FSR0L 
0x0102	0x0E00      	MOVLW       0
0x0104	0x21F7      	ADDWFC      FARG_Lcd_Out_CP_text+1, 0, 1
0x0106	0x6EEA      	MOVWF       FSR0H 
0x0108	0xF1FACFEE  	MOVFF       POSTINC0, FARG_Lcd_Chr_CP_out_char
0x010C	0xDFE6      	RCALL       _Lcd_Chr_CP
0x010E	0x2BF8      	INCF        Lcd_Out_CP_i_L0, 1, 1
;__Lib_Lcd.c,62 :: 		
0x0110	0xD7ED      	BRA         L_Lcd_Out_CP2
L_Lcd_Out_CP3:
;__Lib_Lcd.c,63 :: 		
L_end_Lcd_Out_CP:
0x0112	0x0012      	RETURN      0
; end of _Lcd_Out_CP
_UART1_Write_Text:
;__Lib_UART_c67.c,66 :: 		
;__Lib_UART_c67.c,67 :: 		
0x0114	0x0101      	MOVLB       1
0x0116	0x6BF9      	CLRF        UART1_Write_Text_counter_L0, 1
;__Lib_UART_c67.c,69 :: 		
0x0118	0xFFE9C1F6  	MOVFF       FARG_UART1_Write_Text_uart_text, FSR0L
0x011C	0xFFEAC1F7  	MOVFF       FARG_UART1_Write_Text_uart_text+1, FSR0H
0x0120	0xF1F8CFEE  	MOVFF       POSTINC0, UART1_Write_Text_data__L0
;__Lib_UART_c67.c,70 :: 		
L_UART1_Write_Text5:
0x0124	0x51F8      	MOVF        UART1_Write_Text_data__L0, 0, 1
0x0126	0x0A00      	XORLW       0
0x0128	0xE00E      	BZ          L_UART1_Write_Text6
;__Lib_UART_c67.c,71 :: 		
0x012A	0xF1FAC1F8  	MOVFF       UART1_Write_Text_data__L0, FARG_UART1_Write_data_
0x012E	0xDFCE      	RCALL       _UART1_Write
;__Lib_UART_c67.c,72 :: 		
0x0130	0x0101      	MOVLB       1
0x0132	0x2BF9      	INCF        UART1_Write_Text_counter_L0, 1, 1
;__Lib_UART_c67.c,73 :: 		
0x0134	0x51F9      	MOVF        UART1_Write_Text_counter_L0, 0, 1
0x0136	0x25F6      	ADDWF       FARG_UART1_Write_Text_uart_text, 0, 1
0x0138	0x6EE9      	MOVWF       FSR0L 
0x013A	0x0E00      	MOVLW       0
0x013C	0x21F7      	ADDWFC      FARG_UART1_Write_Text_uart_text+1, 0, 1
0x013E	0x6EEA      	MOVWF       FSR0H 
0x0140	0xF1F8CFEE  	MOVFF       POSTINC0, UART1_Write_Text_data__L0
;__Lib_UART_c67.c,74 :: 		
0x0144	0xD7EF      	BRA         L_UART1_Write_Text5
L_UART1_Write_Text6:
;__Lib_UART_c67.c,75 :: 		
L_end_UART1_Write_Text:
0x0146	0x0012      	RETURN      0
; end of _UART1_Write_Text
_Delay_500us:
;__Lib_Delays.c,27 :: 		void Delay_500us() {
;__Lib_Delays.c,28 :: 		Delay_us(498);
0x0148	0x0E08      	MOVLW       8
0x014A	0x6E0C      	MOVWF       R12, 0
0x014C	0x0EC1      	MOVLW       193
0x014E	0x6E0D      	MOVWF       R13, 0
L_Delay_500us5:
0x0150	0x2E0D      	DECFSZ      R13, 1, 0
0x0152	0xD7FE      	BRA         L_Delay_500us5
0x0154	0x2E0C      	DECFSZ      R12, 1, 0
0x0156	0xD7FC      	BRA         L_Delay_500us5
0x0158	0x0000      	NOP
0x015A	0x0000      	NOP
;__Lib_Delays.c,29 :: 		}
L_end_Delay_500us:
0x015C	0x0012      	RETURN      0
; end of _Delay_500us
_amarelo:
;tipsybot.c,150 :: 		void amarelo(){
;tipsybot.c,151 :: 		Lcd_Cmd(_LCD_CLEAR);
0x015E	0x0E01      	MOVLW       1
0x0160	0x0101      	MOVLB       1
0x0162	0x6FFB      	MOVWF       FARG_Lcd_Cmd_out_char, 1
0x0164	0xDF74      	RCALL       _Lcd_Cmd
;tipsybot.c,152 :: 		Lcd_Cmd(_LCD_FIRST_ROW);
0x0166	0x0E80      	MOVLW       128
0x0168	0x6FFB      	MOVWF       FARG_Lcd_Cmd_out_char, 1
0x016A	0xDF71      	RCALL       _Lcd_Cmd
;tipsybot.c,153 :: 		Lcd_OUT_CP("::: AMARELO :::");
0x016C	0x0EC9      	MOVLW       ?lstr19_tipsybot
0x016E	0x6FF6      	MOVWF       FARG_Lcd_Out_CP_text, 1
0x0170	0x0E00      	MOVLW       hi_addr(?lstr19_tipsybot)
0x0172	0x6FF7      	MOVWF       FARG_Lcd_Out_CP_text+1, 1
0x0174	0xDFB9      	RCALL       _Lcd_Out_CP
;tipsybot.c,154 :: 		Lcd_Cmd(_LCD_SECOND_ROW);
0x0176	0x0EC0      	MOVLW       192
0x0178	0x6FFB      	MOVWF       FARG_Lcd_Cmd_out_char, 1
0x017A	0xDF69      	RCALL       _Lcd_Cmd
;tipsybot.c,155 :: 		Lcd_OUT_CP("-> 50 ml");
0x017C	0x0EC0      	MOVLW       ?lstr20_tipsybot
0x017E	0x6FF6      	MOVWF       FARG_Lcd_Out_CP_text, 1
0x0180	0x0E00      	MOVLW       hi_addr(?lstr20_tipsybot)
0x0182	0x6FF7      	MOVWF       FARG_Lcd_Out_CP_text+1, 1
0x0184	0xDFB1      	RCALL       _Lcd_Out_CP
;tipsybot.c,157 :: 		UART1_Write(10);
0x0186	0x0E0A      	MOVLW       10
0x0188	0x6FFA      	MOVWF       FARG_UART1_Write_data_, 1
0x018A	0xDFA0      	RCALL       _UART1_Write
;tipsybot.c,158 :: 		UART1_Write(13);
0x018C	0x0E0D      	MOVLW       13
0x018E	0x0101      	MOVLB       1
0x0190	0x6FFA      	MOVWF       FARG_UART1_Write_data_, 1
0x0192	0xDF9C      	RCALL       _UART1_Write
;tipsybot.c,159 :: 		UART1_Write(10);
0x0194	0x0E0A      	MOVLW       10
0x0196	0x0101      	MOVLB       1
0x0198	0x6FFA      	MOVWF       FARG_UART1_Write_data_, 1
0x019A	0xDF98      	RCALL       _UART1_Write
;tipsybot.c,160 :: 		UART1_Write(13);
0x019C	0x0E0D      	MOVLW       13
0x019E	0x0101      	MOVLB       1
0x01A0	0x6FFA      	MOVWF       FARG_UART1_Write_data_, 1
0x01A2	0xDF94      	RCALL       _UART1_Write
;tipsybot.c,161 :: 		UART1_Write_Text("-------- AMARELO --------");
0x01A4	0x0EA6      	MOVLW       ?lstr21_tipsybot
0x01A6	0x0101      	MOVLB       1
0x01A8	0x6FF6      	MOVWF       FARG_UART1_Write_Text_uart_text, 1
0x01AA	0x0E00      	MOVLW       hi_addr(?lstr21_tipsybot)
0x01AC	0x6FF7      	MOVWF       FARG_UART1_Write_Text_uart_text+1, 1
0x01AE	0xDFB2      	RCALL       _UART1_Write_Text
;tipsybot.c,162 :: 		UART1_Write(10);
0x01B0	0x0E0A      	MOVLW       10
0x01B2	0x6FFA      	MOVWF       FARG_UART1_Write_data_, 1
0x01B4	0xDF8B      	RCALL       _UART1_Write
;tipsybot.c,163 :: 		UART1_Write(13);
0x01B6	0x0E0D      	MOVLW       13
0x01B8	0x0101      	MOVLB       1
0x01BA	0x6FFA      	MOVWF       FARG_UART1_Write_data_, 1
0x01BC	0xDF87      	RCALL       _UART1_Write
;tipsybot.c,164 :: 		UART1_Write_Text("::: INGREDIENTES :::");
0x01BE	0x0ED9      	MOVLW       ?lstr22_tipsybot
0x01C0	0x0101      	MOVLB       1
0x01C2	0x6FF6      	MOVWF       FARG_UART1_Write_Text_uart_text, 1
0x01C4	0x0E00      	MOVLW       hi_addr(?lstr22_tipsybot)
0x01C6	0x6FF7      	MOVWF       FARG_UART1_Write_Text_uart_text+1, 1
0x01C8	0xDFA5      	RCALL       _UART1_Write_Text
;tipsybot.c,165 :: 		UART1_Write(10);
0x01CA	0x0E0A      	MOVLW       10
0x01CC	0x6FFA      	MOVWF       FARG_UART1_Write_data_, 1
0x01CE	0xDF7E      	RCALL       _UART1_Write
;tipsybot.c,166 :: 		UART1_Write(13);
0x01D0	0x0E0D      	MOVLW       13
0x01D2	0x0101      	MOVLB       1
0x01D4	0x6FFA      	MOVWF       FARG_UART1_Write_data_, 1
0x01D6	0xDF7A      	RCALL       _UART1_Write
;tipsybot.c,167 :: 		UART1_Write_Text("-> 50 mls da bebida amarela");
0x01D8	0x0E06      	MOVLW       ?lstr23_tipsybot
0x01DA	0x0101      	MOVLB       1
0x01DC	0x6FF6      	MOVWF       FARG_UART1_Write_Text_uart_text, 1
0x01DE	0x0E01      	MOVLW       hi_addr(?lstr23_tipsybot)
0x01E0	0x6FF7      	MOVWF       FARG_UART1_Write_Text_uart_text+1, 1
0x01E2	0xDF98      	RCALL       _UART1_Write_Text
;tipsybot.c,168 :: 		}
L_end_amarelo:
0x01E4	0x0012      	RETURN      0
; end of _amarelo
_Button:
;__Lib_Button.c,6 :: 		
;__Lib_Button.c,8 :: 		
0x01E6	0x0101      	MOVLB       1
0x01E8	0x6BF5      	CLRF        Button_rslt_L0, 1
;__Lib_Button.c,11 :: 		
0x01EA	0xF001C1F1  	MOVFF       FARG_Button_pin, R1
0x01EE	0x0E01      	MOVLW       1
0x01F0	0x6E00      	MOVWF       R0 
0x01F2	0x5001      	MOVF        R1, 0 
L__Button5:
0x01F4	0xE004      	BZ          L__Button6
0x01F6	0x3600      	RLCF        R0, 1 
0x01F8	0x9000      	BCF         R0, 0 
0x01FA	0x0FFF      	ADDLW       255
0x01FC	0xD7FB      	BRA         L__Button5
L__Button6:
0x01FE	0xF1F4C000  	MOVFF       R0, Button_pMask_L0
;__Lib_Button.c,13 :: 		
0x0202	0xFFE9C1EF  	MOVFF       FARG_Button_port, FSR0L
0x0206	0xFFEAC1F0  	MOVFF       FARG_Button_port+1, FSR0H
0x020A	0x5000      	MOVF        R0, 0 
0x020C	0x14EE      	ANDWF       POSTINC0, 0 
0x020E	0x6E01      	MOVWF       R1 
0x0210	0x5201      	MOVF        R1, 1 
0x0212	0x0E01      	MOVLW       1
0x0214	0xA4D8      	BTFSS       STATUS, 2 
0x0216	0x0E00      	MOVLW       0
0x0218	0x6E00      	MOVWF       R0 
0x021A	0x51F3      	MOVF        FARG_Button_active_state, 0, 1
0x021C	0x1A00      	XORWF       R0, 1 
0x021E	0xE018      	BZ          L_Button0
;__Lib_Button.c,15 :: 		
L_Button1:
0x0220	0x51F2      	MOVF        FARG_Button_time_ms, 0, 1
0x0222	0x0800      	SUBLW       0
0x0224	0xE204      	BC          L_Button2
;__Lib_Button.c,16 :: 		
0x0226	0xDF90      	RCALL       _Delay_500us
;__Lib_Button.c,17 :: 		
0x0228	0xDF8F      	RCALL       _Delay_500us
;__Lib_Button.c,18 :: 		
0x022A	0x07F2      	DECF        FARG_Button_time_ms, 1, 1
;__Lib_Button.c,19 :: 		
0x022C	0xD7F9      	BRA         L_Button1
L_Button2:
;__Lib_Button.c,21 :: 		
0x022E	0xFFE9C1EF  	MOVFF       FARG_Button_port, FSR0L
0x0232	0xFFEAC1F0  	MOVFF       FARG_Button_port+1, FSR0H
0x0236	0x51F4      	MOVF        Button_pMask_L0, 0, 1
0x0238	0x14EE      	ANDWF       POSTINC0, 0 
0x023A	0x6E01      	MOVWF       R1 
0x023C	0x5201      	MOVF        R1, 1 
0x023E	0x0E01      	MOVLW       1
0x0240	0xA4D8      	BTFSS       STATUS, 2 
0x0242	0x0E00      	MOVLW       0
0x0244	0x6E00      	MOVWF       R0 
0x0246	0x51F3      	MOVF        FARG_Button_active_state, 0, 1
0x0248	0x1A00      	XORWF       R0, 1 
0x024A	0xE002      	BZ          L_Button3
;__Lib_Button.c,22 :: 		
0x024C	0x0EFF      	MOVLW       255
0x024E	0x6FF5      	MOVWF       Button_rslt_L0, 1
L_Button3:
;__Lib_Button.c,23 :: 		
L_Button0:
;__Lib_Button.c,25 :: 		
0x0250	0xF000C1F5  	MOVFF       Button_rslt_L0, R0
;__Lib_Button.c,26 :: 		
L_end_Button:
0x0254	0x0012      	RETURN      0
; end of _Button
_Lcd_Init:
;__Lib_Lcd.c,84 :: 		
;__Lib_Lcd.c,86 :: 		
0x0256	0x9294      	BCF         LCD_EN_Direction, BitPos(LCD_EN_Direction+0) 
;__Lib_Lcd.c,87 :: 		
0x0258	0x9094      	BCF         LCD_RS_Direction, BitPos(LCD_RS_Direction+0) 
;__Lib_Lcd.c,88 :: 		
0x025A	0x9895      	BCF         LCD_D4_Direction, BitPos(LCD_D4_Direction+0) 
;__Lib_Lcd.c,89 :: 		
0x025C	0x9A95      	BCF         LCD_D5_Direction, BitPos(LCD_D5_Direction+0) 
;__Lib_Lcd.c,90 :: 		
0x025E	0x9C95      	BCF         LCD_D6_Direction, BitPos(LCD_D6_Direction+0) 
;__Lib_Lcd.c,91 :: 		
0x0260	0x9E95      	BCF         LCD_D7_Direction, BitPos(LCD_D7_Direction+0) 
;__Lib_Lcd.c,93 :: 		
0x0262	0x9282      	BCF         LCD_EN, BitPos(LCD_EN+0) 
;__Lib_Lcd.c,94 :: 		
0x0264	0x9082      	BCF         LCD_RS, BitPos(LCD_RS+0) 
;__Lib_Lcd.c,95 :: 		
0x0266	0x9E83      	BCF         LCD_D7, BitPos(LCD_D7+0) 
;__Lib_Lcd.c,96 :: 		
0x0268	0x9C83      	BCF         LCD_D6, BitPos(LCD_D6+0) 
;__Lib_Lcd.c,97 :: 		
0x026A	0x9A83      	BCF         LCD_D5, BitPos(LCD_D5+0) 
;__Lib_Lcd.c,98 :: 		
0x026C	0x9883      	BCF         LCD_D4, BitPos(LCD_D4+0) 
;__Lib_Lcd.c,100 :: 		
0x026E	0xDEDD      	RCALL       _Delay_5500us
;__Lib_Lcd.c,101 :: 		
0x0270	0xDEDC      	RCALL       _Delay_5500us
;__Lib_Lcd.c,102 :: 		
0x0272	0xDEDB      	RCALL       _Delay_5500us
;__Lib_Lcd.c,105 :: 		
0x0274	0x8A83      	BSF         LCD_D5, BitPos(LCD_D5+0) 
;__Lib_Lcd.c,106 :: 		
0x0276	0x8883      	BSF         LCD_D4, BitPos(LCD_D4+0) 
;__Lib_Lcd.c,107 :: 		
0x0278	0x8282      	BSF         LCD_EN, BitPos(LCD_EN+0) 
;__Lib_Lcd.c,108 :: 		
0x027A	0xDEE2      	RCALL       _Delay_1us
;__Lib_Lcd.c,109 :: 		
0x027C	0x9282      	BCF         LCD_EN, BitPos(LCD_EN+0) 
;__Lib_Lcd.c,110 :: 		
0x027E	0xDED5      	RCALL       _Delay_5500us
;__Lib_Lcd.c,112 :: 		
0x0280	0x8282      	BSF         LCD_EN, BitPos(LCD_EN+0) 
;__Lib_Lcd.c,113 :: 		
0x0282	0xDEDE      	RCALL       _Delay_1us
;__Lib_Lcd.c,114 :: 		
0x0284	0x9282      	BCF         LCD_EN, BitPos(LCD_EN+0) 
;__Lib_Lcd.c,115 :: 		
0x0286	0xDED1      	RCALL       _Delay_5500us
;__Lib_Lcd.c,117 :: 		
0x0288	0x8282      	BSF         LCD_EN, BitPos(LCD_EN+0) 
;__Lib_Lcd.c,118 :: 		
0x028A	0xDEDA      	RCALL       _Delay_1us
;__Lib_Lcd.c,119 :: 		
0x028C	0x9282      	BCF         LCD_EN, BitPos(LCD_EN+0) 
;__Lib_Lcd.c,120 :: 		
0x028E	0xDECD      	RCALL       _Delay_5500us
;__Lib_Lcd.c,123 :: 		
0x0290	0x9883      	BCF         LCD_D4, BitPos(LCD_D4+0) 
;__Lib_Lcd.c,124 :: 		
0x0292	0x8282      	BSF         LCD_EN, BitPos(LCD_EN+0) 
;__Lib_Lcd.c,125 :: 		
0x0294	0xDED5      	RCALL       _Delay_1us
;__Lib_Lcd.c,126 :: 		
0x0296	0x9282      	BCF         LCD_EN, BitPos(LCD_EN+0) 
;__Lib_Lcd.c,127 :: 		
0x0298	0xDEC8      	RCALL       _Delay_5500us
;__Lib_Lcd.c,130 :: 		
0x029A	0x8282      	BSF         LCD_EN, BitPos(LCD_EN+0) 
;__Lib_Lcd.c,131 :: 		
0x029C	0xDED1      	RCALL       _Delay_1us
;__Lib_Lcd.c,132 :: 		
0x029E	0x9282      	BCF         LCD_EN, BitPos(LCD_EN+0) 
;__Lib_Lcd.c,134 :: 		
0x02A0	0x9A83      	BCF         LCD_D5, BitPos(LCD_D5+0) 
;__Lib_Lcd.c,135 :: 		
0x02A2	0x8E83      	BSF         LCD_D7, BitPos(LCD_D7+0) 
;__Lib_Lcd.c,136 :: 		
0x02A4	0x8282      	BSF         LCD_EN, BitPos(LCD_EN+0) 
;__Lib_Lcd.c,137 :: 		
0x02A6	0xDECC      	RCALL       _Delay_1us
;__Lib_Lcd.c,138 :: 		
0x02A8	0x9282      	BCF         LCD_EN, BitPos(LCD_EN+0) 
;__Lib_Lcd.c,139 :: 		
0x02AA	0xDEBF      	RCALL       _Delay_5500us
;__Lib_Lcd.c,142 :: 		
0x02AC	0x9E83      	BCF         LCD_D7, BitPos(LCD_D7+0) 
;__Lib_Lcd.c,143 :: 		
0x02AE	0x8883      	BSF         LCD_D4, BitPos(LCD_D4+0) 
;__Lib_Lcd.c,144 :: 		
0x02B0	0x8282      	BSF         LCD_EN, BitPos(LCD_EN+0) 
;__Lib_Lcd.c,145 :: 		
0x02B2	0xDEC6      	RCALL       _Delay_1us
;__Lib_Lcd.c,146 :: 		
0x02B4	0x9282      	BCF         LCD_EN, BitPos(LCD_EN+0) 
;__Lib_Lcd.c,148 :: 		
0x02B6	0x9883      	BCF         LCD_D4, BitPos(LCD_D4+0) 
;__Lib_Lcd.c,149 :: 		
0x02B8	0x8282      	BSF         LCD_EN, BitPos(LCD_EN+0) 
;__Lib_Lcd.c,150 :: 		
0x02BA	0xDEC2      	RCALL       _Delay_1us
;__Lib_Lcd.c,151 :: 		
0x02BC	0x9282      	BCF         LCD_EN, BitPos(LCD_EN+0) 
;__Lib_Lcd.c,152 :: 		
0x02BE	0xDEB5      	RCALL       _Delay_5500us
;__Lib_Lcd.c,155 :: 		
0x02C0	0x8282      	BSF         LCD_EN, BitPos(LCD_EN+0) 
;__Lib_Lcd.c,156 :: 		
0x02C2	0xDEBE      	RCALL       _Delay_1us
;__Lib_Lcd.c,157 :: 		
0x02C4	0x9282      	BCF         LCD_EN, BitPos(LCD_EN+0) 
;__Lib_Lcd.c,159 :: 		
0x02C6	0x8883      	BSF         LCD_D4, BitPos(LCD_D4+0) 
;__Lib_Lcd.c,160 :: 		
0x02C8	0x8282      	BSF         LCD_EN, BitPos(LCD_EN+0) 
;__Lib_Lcd.c,161 :: 		
0x02CA	0xDEBA      	RCALL       _Delay_1us
;__Lib_Lcd.c,162 :: 		
0x02CC	0x9282      	BCF         LCD_EN, BitPos(LCD_EN+0) 
;__Lib_Lcd.c,163 :: 		
0x02CE	0xDEAD      	RCALL       _Delay_5500us
;__Lib_Lcd.c,166 :: 		
0x02D0	0x9883      	BCF         LCD_D4, BitPos(LCD_D4+0) 
;__Lib_Lcd.c,167 :: 		
0x02D2	0x8282      	BSF         LCD_EN, BitPos(LCD_EN+0) 
;__Lib_Lcd.c,168 :: 		
0x02D4	0xDEB5      	RCALL       _Delay_1us
;__Lib_Lcd.c,169 :: 		
0x02D6	0x9282      	BCF         LCD_EN, BitPos(LCD_EN+0) 
;__Lib_Lcd.c,171 :: 		
0x02D8	0x8E83      	BSF         LCD_D7, BitPos(LCD_D7+0) 
;__Lib_Lcd.c,172 :: 		
0x02DA	0x8C83      	BSF         LCD_D6, BitPos(LCD_D6+0) 
;__Lib_Lcd.c,173 :: 		
0x02DC	0x8A83      	BSF         LCD_D5, BitPos(LCD_D5+0) 
;__Lib_Lcd.c,174 :: 		
0x02DE	0x8883      	BSF         LCD_D4, BitPos(LCD_D4+0) 
;__Lib_Lcd.c,175 :: 		
0x02E0	0x8282      	BSF         LCD_EN, BitPos(LCD_EN+0) 
;__Lib_Lcd.c,176 :: 		
0x02E2	0xDEAE      	RCALL       _Delay_1us
;__Lib_Lcd.c,177 :: 		
0x02E4	0x9282      	BCF         LCD_EN, BitPos(LCD_EN+0) 
;__Lib_Lcd.c,179 :: 		
0x02E6	0xDEA1      	RCALL       _Delay_5500us
;__Lib_Lcd.c,181 :: 		
0x02E8	0x0101      	MOVLB       1
0x02EA	0x81DE      	BSF         __Lib_Lcd_cmd_status, BitPos(__Lib_Lcd_cmd_status+0), 1
;__Lib_Lcd.c,182 :: 		
L_end_Lcd_Init:
0x02EC	0x0012      	RETURN      0
; end of _Lcd_Init
___CC2DW:
;__Lib_System.c,21 :: 		
;__Lib_System.c,23 :: 		
_CC2DL_Loop1:
;__Lib_System.c,24 :: 		
0x02EE	0x0009      	TBLRD*+
;__Lib_System.c,25 :: 		
0x02F0	0xFFE6CFF5  	MOVFF       TABLAT, POSTINC1
;__Lib_System.c,26 :: 		
0x02F4	0x0600      	DECF        R0, 1, 0
;__Lib_System.c,27 :: 		
0x02F6	0xE1FB      	BNZ         _CC2DL_Loop1
;__Lib_System.c,28 :: 		
0x02F8	0x0601      	DECF        R1, 1, 0
;__Lib_System.c,29 :: 		
0x02FA	0xE1F9      	BNZ         _CC2DL_Loop1
;__Lib_System.c,31 :: 		
L_end___CC2DW:
0x02FC	0x0012      	RETURN      0
; end of ___CC2DW
_azul:
;tipsybot.c,130 :: 		void azul(){
;tipsybot.c,131 :: 		Lcd_Cmd(_LCD_CLEAR);
0x02FE	0x0E01      	MOVLW       1
0x0300	0x0101      	MOVLB       1
0x0302	0x6FFB      	MOVWF       FARG_Lcd_Cmd_out_char, 1
0x0304	0xDEA4      	RCALL       _Lcd_Cmd
;tipsybot.c,132 :: 		Lcd_Cmd(_LCD_FIRST_ROW);
0x0306	0x0E80      	MOVLW       128
0x0308	0x6FFB      	MOVWF       FARG_Lcd_Cmd_out_char, 1
0x030A	0xDEA1      	RCALL       _Lcd_Cmd
;tipsybot.c,133 :: 		Lcd_OUT_CP("  ::: AZUL :::");
0x030C	0x0EF7      	MOVLW       ?lstr14_tipsybot
0x030E	0x6FF6      	MOVWF       FARG_Lcd_Out_CP_text, 1
0x0310	0x0E00      	MOVLW       hi_addr(?lstr14_tipsybot)
0x0312	0x6FF7      	MOVWF       FARG_Lcd_Out_CP_text+1, 1
0x0314	0xDEE9      	RCALL       _Lcd_Out_CP
;tipsybot.c,134 :: 		Lcd_Cmd(_LCD_SECOND_ROW);
0x0316	0x0EC0      	MOVLW       192
0x0318	0x6FFB      	MOVWF       FARG_Lcd_Cmd_out_char, 1
0x031A	0xDE99      	RCALL       _Lcd_Cmd
;tipsybot.c,135 :: 		Lcd_OUT_CP("-> 50 ml");
0x031C	0x0EEE      	MOVLW       ?lstr15_tipsybot
0x031E	0x6FF6      	MOVWF       FARG_Lcd_Out_CP_text, 1
0x0320	0x0E00      	MOVLW       hi_addr(?lstr15_tipsybot)
0x0322	0x6FF7      	MOVWF       FARG_Lcd_Out_CP_text+1, 1
0x0324	0xDEE1      	RCALL       _Lcd_Out_CP
;tipsybot.c,137 :: 		UART1_Write(10);
0x0326	0x0E0A      	MOVLW       10
0x0328	0x6FFA      	MOVWF       FARG_UART1_Write_data_, 1
0x032A	0xDED0      	RCALL       _UART1_Write
;tipsybot.c,138 :: 		UART1_Write(13);
0x032C	0x0E0D      	MOVLW       13
0x032E	0x0101      	MOVLB       1
0x0330	0x6FFA      	MOVWF       FARG_UART1_Write_data_, 1
0x0332	0xDECC      	RCALL       _UART1_Write
;tipsybot.c,139 :: 		UART1_Write(10);
0x0334	0x0E0A      	MOVLW       10
0x0336	0x0101      	MOVLB       1
0x0338	0x6FFA      	MOVWF       FARG_UART1_Write_data_, 1
0x033A	0xDEC8      	RCALL       _UART1_Write
;tipsybot.c,140 :: 		UART1_Write(13);
0x033C	0x0E0D      	MOVLW       13
0x033E	0x0101      	MOVLB       1
0x0340	0x6FFA      	MOVWF       FARG_UART1_Write_data_, 1
0x0342	0xDEC4      	RCALL       _UART1_Write
;tipsybot.c,141 :: 		UART1_Write_Text("-------- AZUL --------");
0x0344	0x0E8F      	MOVLW       ?lstr16_tipsybot
0x0346	0x0101      	MOVLB       1
0x0348	0x6FF6      	MOVWF       FARG_UART1_Write_Text_uart_text, 1
0x034A	0x0E00      	MOVLW       hi_addr(?lstr16_tipsybot)
0x034C	0x6FF7      	MOVWF       FARG_UART1_Write_Text_uart_text+1, 1
0x034E	0xDEE2      	RCALL       _UART1_Write_Text
;tipsybot.c,142 :: 		UART1_Write(10);
0x0350	0x0E0A      	MOVLW       10
0x0352	0x6FFA      	MOVWF       FARG_UART1_Write_data_, 1
0x0354	0xDEBB      	RCALL       _UART1_Write
;tipsybot.c,143 :: 		UART1_Write(13);
0x0356	0x0E0D      	MOVLW       13
0x0358	0x0101      	MOVLB       1
0x035A	0x6FFA      	MOVWF       FARG_UART1_Write_data_, 1
0x035C	0xDEB7      	RCALL       _UART1_Write
;tipsybot.c,144 :: 		UART1_Write_Text("::: INGREDIENTES :::");
0x035E	0x0E3F      	MOVLW       ?lstr17_tipsybot
0x0360	0x0101      	MOVLB       1
0x0362	0x6FF6      	MOVWF       FARG_UART1_Write_Text_uart_text, 1
0x0364	0x0E00      	MOVLW       hi_addr(?lstr17_tipsybot)
0x0366	0x6FF7      	MOVWF       FARG_UART1_Write_Text_uart_text+1, 1
0x0368	0xDED5      	RCALL       _UART1_Write_Text
;tipsybot.c,145 :: 		UART1_Write(10);
0x036A	0x0E0A      	MOVLW       10
0x036C	0x6FFA      	MOVWF       FARG_UART1_Write_data_, 1
0x036E	0xDEAE      	RCALL       _UART1_Write
;tipsybot.c,146 :: 		UART1_Write(13);
0x0370	0x0E0D      	MOVLW       13
0x0372	0x0101      	MOVLB       1
0x0374	0x6FFA      	MOVWF       FARG_UART1_Write_data_, 1
0x0376	0xDEAA      	RCALL       _UART1_Write
;tipsybot.c,147 :: 		UART1_Write_Text("-> 50 mls da bebida azul");
0x0378	0x0E26      	MOVLW       ?lstr18_tipsybot
0x037A	0x0101      	MOVLB       1
0x037C	0x6FF6      	MOVWF       FARG_UART1_Write_Text_uart_text, 1
0x037E	0x0E00      	MOVLW       hi_addr(?lstr18_tipsybot)
0x0380	0x6FF7      	MOVWF       FARG_UART1_Write_Text_uart_text+1, 1
0x0382	0xDEC8      	RCALL       _UART1_Write_Text
;tipsybot.c,148 :: 		}
L_end_azul:
0x0384	0x0012      	RETURN      0
; end of _azul
_UART1_Init:
;__Lib_UART_c67.c,15 :: 		
;__Lib_UART_c67.c,18 :: 		
0x0386	0x0ECC      	MOVLW       _UART1_Write
0x0388	0x0101      	MOVLB       1
0x038A	0x6FDF      	MOVWF       _UART_Wr_Ptr, 1
0x038C	0x0E00      	MOVLW       hi_addr(_UART1_Write)
0x038E	0x6FE0      	MOVWF       _UART_Wr_Ptr+1, 1
0x0390	0x0EFA      	MOVLW       FARG_UART1_Write_data_
0x0392	0x6FE1      	MOVWF       _UART_Wr_Ptr+2, 1
0x0394	0x0E01      	MOVLW       hi_addr(FARG_UART1_Write_data_)
0x0396	0x6FE2      	MOVWF       _UART_Wr_Ptr+3, 1
;__Lib_UART_c67.c,19 :: 		
0x0398	0x0EFF      	MOVLW       _UART1_Read
0x039A	0x6FEB      	MOVWF       _UART_Rd_Ptr, 1
0x039C	0x0EFF      	MOVLW       hi_addr(_UART1_Read)
0x039E	0x6FEC      	MOVWF       _UART_Rd_Ptr+1, 1
0x03A0	0x0E00      	MOVLW       0
0x03A2	0x6FED      	MOVWF       _UART_Rd_Ptr+2, 1
0x03A4	0x0E00      	MOVLW       0
0x03A6	0x6FEE      	MOVWF       _UART_Rd_Ptr+3, 1
;__Lib_UART_c67.c,20 :: 		
0x03A8	0x0EFF      	MOVLW       _UART1_Data_Ready
0x03AA	0x6FE7      	MOVWF       _UART_Rdy_Ptr, 1
0x03AC	0x0EFF      	MOVLW       hi_addr(_UART1_Data_Ready)
0x03AE	0x6FE8      	MOVWF       _UART_Rdy_Ptr+1, 1
0x03B0	0x0E00      	MOVLW       0
0x03B2	0x6FE9      	MOVWF       _UART_Rdy_Ptr+2, 1
0x03B4	0x0E00      	MOVLW       0
0x03B6	0x6FEA      	MOVWF       _UART_Rdy_Ptr+3, 1
;__Lib_UART_c67.c,21 :: 		
0x03B8	0x0EFF      	MOVLW       _UART1_Tx_Idle
0x03BA	0x6FE3      	MOVWF       _UART_Tx_Idle_Ptr, 1
0x03BC	0x0EFF      	MOVLW       hi_addr(_UART1_Tx_Idle)
0x03BE	0x6FE4      	MOVWF       _UART_Tx_Idle_Ptr+1, 1
0x03C0	0x0E00      	MOVLW       0
0x03C2	0x6FE5      	MOVWF       _UART_Tx_Idle_Ptr+2, 1
0x03C4	0x0E00      	MOVLW       0
0x03C6	0x6FE6      	MOVWF       _UART_Tx_Idle_Ptr+3, 1
;__Lib_UART_c67.c,23 :: 		
0x03C8	0x8AAC      	BSF         TXSTA, 5 
;__Lib_UART_c67.c,24 :: 		
0x03CA	0x0E90      	MOVLW       144
0x03CC	0x6EAB      	MOVWF       RCSTA 
;__Lib_UART_c67.c,25 :: 		
0x03CE	0x8E94      	BSF         TRISC7_bit, BitPos(TRISC7_bit+0) 
;__Lib_UART_c67.c,26 :: 		
0x03D0	0x9C94      	BCF         TRISC6_bit, BitPos(TRISC6_bit+0) 
;__Lib_UART_c67.c,28 :: 		
L_UART1_Init0:
0x03D2	0xAA9E      	BTFSS       PIR1, 5 
0x03D4	0xD003      	BRA         L_UART1_Init1
;__Lib_UART_c67.c,29 :: 		
0x03D6	0xF000CFAE  	MOVFF       RCREG, R0
0x03DA	0xD7FB      	BRA         L_UART1_Init0
L_UART1_Init1:
;__Lib_UART_c67.c,30 :: 		
L_end_UART1_Init:
0x03DC	0x0012      	RETURN      0
; end of _UART1_Init
_drink_2p:
;tipsybot.c,237 :: 		void drink_2p(){
;tipsybot.c,240 :: 		LATD1_bit = 1;
0x03DE	0x828C      	BSF         LATD1_bit, BitPos(LATD1_bit+0) 
;tipsybot.c,241 :: 		for(i =0; i<10625; i++){
0x03E0	0x6A01      	CLRF        R1 
0x03E2	0x6A02      	CLRF        R2 
L_drink_2p34:
0x03E4	0x0E80      	MOVLW       128
0x03E6	0x1802      	XORWF       R2, 0 
0x03E8	0x6E00      	MOVWF       R0 
0x03EA	0x0E80      	MOVLW       128
0x03EC	0x0A29      	XORLW       41
0x03EE	0x5C00      	SUBWF       R0, 0 
0x03F0	0xE102      	BNZ         L__drink_2p52
0x03F2	0x0E81      	MOVLW       129
0x03F4	0x5C01      	SUBWF       R1, 0 
L__drink_2p52:
0x03F6	0xE217      	BC          L_drink_2p35
;tipsybot.c,242 :: 		LATD0_bit = 1;
0x03F8	0x808C      	BSF         LATD0_bit, BitPos(LATD0_bit+0) 
;tipsybot.c,243 :: 		Delay_us(1000);
0x03FA	0x0E10      	MOVLW       16
0x03FC	0x6E0C      	MOVWF       R12, 0
0x03FE	0x0E94      	MOVLW       148
0x0400	0x6E0D      	MOVWF       R13, 0
L_drink_2p37:
0x0402	0x2E0D      	DECFSZ      R13, 1, 0
0x0404	0xD7FE      	BRA         L_drink_2p37
0x0406	0x2E0C      	DECFSZ      R12, 1, 0
0x0408	0xD7FC      	BRA         L_drink_2p37
0x040A	0x0000      	NOP
;tipsybot.c,244 :: 		LATD0_bit = 0;
0x040C	0x908C      	BCF         LATD0_bit, BitPos(LATD0_bit+0) 
;tipsybot.c,245 :: 		Delay_us(1000);
0x040E	0x0E10      	MOVLW       16
0x0410	0x6E0C      	MOVWF       R12, 0
0x0412	0x0E94      	MOVLW       148
0x0414	0x6E0D      	MOVWF       R13, 0
L_drink_2p38:
0x0416	0x2E0D      	DECFSZ      R13, 1, 0
0x0418	0xD7FE      	BRA         L_drink_2p38
0x041A	0x2E0C      	DECFSZ      R12, 1, 0
0x041C	0xD7FC      	BRA         L_drink_2p38
0x041E	0x0000      	NOP
;tipsybot.c,241 :: 		for(i =0; i<10625; i++){
0x0420	0x4A01      	INFSNZ      R1, 1 
0x0422	0x2A02      	INCF        R2, 1 
;tipsybot.c,246 :: 		}
0x0424	0xD7DF      	BRA         L_drink_2p34
L_drink_2p35:
;tipsybot.c,248 :: 		}
L_drink_2p33:
;tipsybot.c,249 :: 		}
L_end_drink_2p:
0x0426	0x0012      	RETURN      0
; end of _drink_2p
_drink_1p:
;tipsybot.c,209 :: 		void drink_1p(){
;tipsybot.c,212 :: 		LATD1_bit = 1;
0x0428	0x828C      	BSF         LATD1_bit, BitPos(LATD1_bit+0) 
;tipsybot.c,213 :: 		for(i =0; i<10625; i++){
0x042A	0x6A01      	CLRF        R1 
0x042C	0x6A02      	CLRF        R2 
L_drink_1p20:
0x042E	0x0E80      	MOVLW       128
0x0430	0x1802      	XORWF       R2, 0 
0x0432	0x6E00      	MOVWF       R0 
0x0434	0x0E80      	MOVLW       128
0x0436	0x0A29      	XORLW       41
0x0438	0x5C00      	SUBWF       R0, 0 
0x043A	0xE102      	BNZ         L__drink_1p48
0x043C	0x0E81      	MOVLW       129
0x043E	0x5C01      	SUBWF       R1, 0 
L__drink_1p48:
0x0440	0xE217      	BC          L_drink_1p21
;tipsybot.c,214 :: 		LATD0_bit = 1;
0x0442	0x808C      	BSF         LATD0_bit, BitPos(LATD0_bit+0) 
;tipsybot.c,215 :: 		Delay_us(1000);
0x0444	0x0E10      	MOVLW       16
0x0446	0x6E0C      	MOVWF       R12, 0
0x0448	0x0E94      	MOVLW       148
0x044A	0x6E0D      	MOVWF       R13, 0
L_drink_1p23:
0x044C	0x2E0D      	DECFSZ      R13, 1, 0
0x044E	0xD7FE      	BRA         L_drink_1p23
0x0450	0x2E0C      	DECFSZ      R12, 1, 0
0x0452	0xD7FC      	BRA         L_drink_1p23
0x0454	0x0000      	NOP
;tipsybot.c,216 :: 		LATD0_bit = 0;
0x0456	0x908C      	BCF         LATD0_bit, BitPos(LATD0_bit+0) 
;tipsybot.c,217 :: 		Delay_us(1000);
0x0458	0x0E10      	MOVLW       16
0x045A	0x6E0C      	MOVWF       R12, 0
0x045C	0x0E94      	MOVLW       148
0x045E	0x6E0D      	MOVWF       R13, 0
L_drink_1p24:
0x0460	0x2E0D      	DECFSZ      R13, 1, 0
0x0462	0xD7FE      	BRA         L_drink_1p24
0x0464	0x2E0C      	DECFSZ      R12, 1, 0
0x0466	0xD7FC      	BRA         L_drink_1p24
0x0468	0x0000      	NOP
;tipsybot.c,213 :: 		for(i =0; i<10625; i++){
0x046A	0x4A01      	INFSNZ      R1, 1 
0x046C	0x2A02      	INCF        R2, 1 
;tipsybot.c,218 :: 		}
0x046E	0xD7DF      	BRA         L_drink_1p20
L_drink_1p21:
;tipsybot.c,220 :: 		}
L_drink_1p19:
;tipsybot.c,221 :: 		}
L_end_drink_1p:
0x0470	0x0012      	RETURN      0
; end of _drink_1p
_drink_1g:
;tipsybot.c,195 :: 		void drink_1g(){
;tipsybot.c,198 :: 		LATD1_bit = 1;
0x0472	0x828C      	BSF         LATD1_bit, BitPos(LATD1_bit+0) 
;tipsybot.c,199 :: 		for(i =0; i<21250; i++){
0x0474	0x6A01      	CLRF        R1 
0x0476	0x6A02      	CLRF        R2 
L_drink_1g13:
0x0478	0x0E80      	MOVLW       128
0x047A	0x1802      	XORWF       R2, 0 
0x047C	0x6E00      	MOVWF       R0 
0x047E	0x0E80      	MOVLW       128
0x0480	0x0A53      	XORLW       83
0x0482	0x5C00      	SUBWF       R0, 0 
0x0484	0xE102      	BNZ         L__drink_1g46
0x0486	0x0E02      	MOVLW       2
0x0488	0x5C01      	SUBWF       R1, 0 
L__drink_1g46:
0x048A	0xE217      	BC          L_drink_1g14
;tipsybot.c,200 :: 		LATD0_bit = 1;
0x048C	0x808C      	BSF         LATD0_bit, BitPos(LATD0_bit+0) 
;tipsybot.c,201 :: 		Delay_us(1000);
0x048E	0x0E10      	MOVLW       16
0x0490	0x6E0C      	MOVWF       R12, 0
0x0492	0x0E94      	MOVLW       148
0x0494	0x6E0D      	MOVWF       R13, 0
L_drink_1g16:
0x0496	0x2E0D      	DECFSZ      R13, 1, 0
0x0498	0xD7FE      	BRA         L_drink_1g16
0x049A	0x2E0C      	DECFSZ      R12, 1, 0
0x049C	0xD7FC      	BRA         L_drink_1g16
0x049E	0x0000      	NOP
;tipsybot.c,202 :: 		LATD0_bit = 0;
0x04A0	0x908C      	BCF         LATD0_bit, BitPos(LATD0_bit+0) 
;tipsybot.c,203 :: 		Delay_us(1000);
0x04A2	0x0E10      	MOVLW       16
0x04A4	0x6E0C      	MOVWF       R12, 0
0x04A6	0x0E94      	MOVLW       148
0x04A8	0x6E0D      	MOVWF       R13, 0
L_drink_1g17:
0x04AA	0x2E0D      	DECFSZ      R13, 1, 0
0x04AC	0xD7FE      	BRA         L_drink_1g17
0x04AE	0x2E0C      	DECFSZ      R12, 1, 0
0x04B0	0xD7FC      	BRA         L_drink_1g17
0x04B2	0x0000      	NOP
;tipsybot.c,199 :: 		for(i =0; i<21250; i++){
0x04B4	0x4A01      	INFSNZ      R1, 1 
0x04B6	0x2A02      	INCF        R2, 1 
;tipsybot.c,204 :: 		}
0x04B8	0xD7DF      	BRA         L_drink_1g13
L_drink_1g14:
;tipsybot.c,206 :: 		}
L_drink_1g12:
;tipsybot.c,207 :: 		}
L_end_drink_1g:
0x04BA	0x0012      	RETURN      0
; end of _drink_1g
_drink_2g:
;tipsybot.c,223 :: 		void drink_2g(){
;tipsybot.c,226 :: 		LATD1_bit = 1;
0x04BC	0x828C      	BSF         LATD1_bit, BitPos(LATD1_bit+0) 
;tipsybot.c,227 :: 		for(i =0; i<21250; i++){
0x04BE	0x6A01      	CLRF        R1 
0x04C0	0x6A02      	CLRF        R2 
L_drink_2g27:
0x04C2	0x0E80      	MOVLW       128
0x04C4	0x1802      	XORWF       R2, 0 
0x04C6	0x6E00      	MOVWF       R0 
0x04C8	0x0E80      	MOVLW       128
0x04CA	0x0A53      	XORLW       83
0x04CC	0x5C00      	SUBWF       R0, 0 
0x04CE	0xE102      	BNZ         L__drink_2g50
0x04D0	0x0E02      	MOVLW       2
0x04D2	0x5C01      	SUBWF       R1, 0 
L__drink_2g50:
0x04D4	0xE217      	BC          L_drink_2g28
;tipsybot.c,228 :: 		LATD0_bit = 1;
0x04D6	0x808C      	BSF         LATD0_bit, BitPos(LATD0_bit+0) 
;tipsybot.c,229 :: 		Delay_us(1000);
0x04D8	0x0E10      	MOVLW       16
0x04DA	0x6E0C      	MOVWF       R12, 0
0x04DC	0x0E94      	MOVLW       148
0x04DE	0x6E0D      	MOVWF       R13, 0
L_drink_2g30:
0x04E0	0x2E0D      	DECFSZ      R13, 1, 0
0x04E2	0xD7FE      	BRA         L_drink_2g30
0x04E4	0x2E0C      	DECFSZ      R12, 1, 0
0x04E6	0xD7FC      	BRA         L_drink_2g30
0x04E8	0x0000      	NOP
;tipsybot.c,230 :: 		LATD0_bit = 0;
0x04EA	0x908C      	BCF         LATD0_bit, BitPos(LATD0_bit+0) 
;tipsybot.c,231 :: 		Delay_us(1000);
0x04EC	0x0E10      	MOVLW       16
0x04EE	0x6E0C      	MOVWF       R12, 0
0x04F0	0x0E94      	MOVLW       148
0x04F2	0x6E0D      	MOVWF       R13, 0
L_drink_2g31:
0x04F4	0x2E0D      	DECFSZ      R13, 1, 0
0x04F6	0xD7FE      	BRA         L_drink_2g31
0x04F8	0x2E0C      	DECFSZ      R12, 1, 0
0x04FA	0xD7FC      	BRA         L_drink_2g31
0x04FC	0x0000      	NOP
;tipsybot.c,227 :: 		for(i =0; i<21250; i++){
0x04FE	0x4A01      	INFSNZ      R1, 1 
0x0500	0x2A02      	INCF        R2, 1 
;tipsybot.c,232 :: 		}
0x0502	0xD7DF      	BRA         L_drink_2g27
L_drink_2g28:
;tipsybot.c,234 :: 		}
L_drink_2g26:
;tipsybot.c,235 :: 		}
L_end_drink_2g:
0x0504	0x0012      	RETURN      0
; end of _drink_2g
_opcoes:
;tipsybot.c,92 :: 		void opcoes(){
;tipsybot.c,93 :: 		while(1){
L_opcoes6:
;tipsybot.c,94 :: 		Lcd_Cmd(_LCD_CLEAR);
0x0506	0x0E01      	MOVLW       1
0x0508	0x0101      	MOVLB       1
0x050A	0x6FFB      	MOVWF       FARG_Lcd_Cmd_out_char, 1
0x050C	0xDDA0      	RCALL       _Lcd_Cmd
;tipsybot.c,95 :: 		Lcd_Cmd(_LCD_FIRST_ROW);
0x050E	0x0E80      	MOVLW       128
0x0510	0x6FFB      	MOVWF       FARG_Lcd_Cmd_out_char, 1
0x0512	0xDD9D      	RCALL       _Lcd_Cmd
;tipsybot.c,96 :: 		Lcd_OUT_CP("ESCOLHA UM DRINK");
0x0514	0x0E15      	MOVLW       ?lstr4_tipsybot
0x0516	0x6FF6      	MOVWF       FARG_Lcd_Out_CP_text, 1
0x0518	0x0E00      	MOVLW       hi_addr(?lstr4_tipsybot)
0x051A	0x6FF7      	MOVWF       FARG_Lcd_Out_CP_text+1, 1
0x051C	0xDDE5      	RCALL       _Lcd_Out_CP
;tipsybot.c,97 :: 		Lcd_Cmd(_LCD_SECOND_ROW);
0x051E	0x0EC0      	MOVLW       192
0x0520	0x6FFB      	MOVWF       FARG_Lcd_Cmd_out_char, 1
0x0522	0xDD95      	RCALL       _Lcd_Cmd
;tipsybot.c,98 :: 		Lcd_OUT_CP("-> 1: AZUL");
0x0524	0x0E54      	MOVLW       ?lstr5_tipsybot
0x0526	0x6FF6      	MOVWF       FARG_Lcd_Out_CP_text, 1
0x0528	0x0E00      	MOVLW       hi_addr(?lstr5_tipsybot)
0x052A	0x6FF7      	MOVWF       FARG_Lcd_Out_CP_text+1, 1
0x052C	0xDDDD      	RCALL       _Lcd_Out_CP
;tipsybot.c,99 :: 		Delay_ms(1300);
0x052E	0x0E50      	MOVLW       80
0x0530	0x6E0B      	MOVWF       R11, 0
0x0532	0x0E24      	MOVLW       36
0x0534	0x6E0C      	MOVWF       R12, 0
0x0536	0x0E86      	MOVLW       134
0x0538	0x6E0D      	MOVWF       R13, 0
L_opcoes8:
0x053A	0x2E0D      	DECFSZ      R13, 1, 0
0x053C	0xD7FE      	BRA         L_opcoes8
0x053E	0x2E0C      	DECFSZ      R12, 1, 0
0x0540	0xD7FC      	BRA         L_opcoes8
0x0542	0x2E0B      	DECFSZ      R11, 1, 0
0x0544	0xD7FA      	BRA         L_opcoes8
0x0546	0x0000      	NOP
;tipsybot.c,101 :: 		Lcd_Cmd(_LCD_CLEAR);
0x0548	0x0E01      	MOVLW       1
0x054A	0x6FFB      	MOVWF       FARG_Lcd_Cmd_out_char, 1
0x054C	0xDD80      	RCALL       _Lcd_Cmd
;tipsybot.c,102 :: 		Lcd_Cmd(_LCD_FIRST_ROW);
0x054E	0x0E80      	MOVLW       128
0x0550	0x6FFB      	MOVWF       FARG_Lcd_Cmd_out_char, 1
0x0552	0xDD7D      	RCALL       _Lcd_Cmd
;tipsybot.c,103 :: 		Lcd_OUT_CP("ESCOLHA UM DRINK");
0x0554	0x0E7E      	MOVLW       ?lstr6_tipsybot
0x0556	0x6FF6      	MOVWF       FARG_Lcd_Out_CP_text, 1
0x0558	0x0E00      	MOVLW       hi_addr(?lstr6_tipsybot)
0x055A	0x6FF7      	MOVWF       FARG_Lcd_Out_CP_text+1, 1
0x055C	0xDDC5      	RCALL       _Lcd_Out_CP
;tipsybot.c,104 :: 		Lcd_Cmd(_LCD_SECOND_ROW);
0x055E	0x0EC0      	MOVLW       192
0x0560	0x6FFB      	MOVWF       FARG_Lcd_Cmd_out_char, 1
0x0562	0xDD75      	RCALL       _Lcd_Cmd
;tipsybot.c,105 :: 		Lcd_OUT_CP("-> 2: AMARELO");
0x0564	0x0E70      	MOVLW       ?lstr7_tipsybot
0x0566	0x6FF6      	MOVWF       FARG_Lcd_Out_CP_text, 1
0x0568	0x0E00      	MOVLW       hi_addr(?lstr7_tipsybot)
0x056A	0x6FF7      	MOVWF       FARG_Lcd_Out_CP_text+1, 1
0x056C	0xDDBD      	RCALL       _Lcd_Out_CP
;tipsybot.c,106 :: 		Delay_ms(1300);
0x056E	0x0E50      	MOVLW       80
0x0570	0x6E0B      	MOVWF       R11, 0
0x0572	0x0E24      	MOVLW       36
0x0574	0x6E0C      	MOVWF       R12, 0
0x0576	0x0E86      	MOVLW       134
0x0578	0x6E0D      	MOVWF       R13, 0
L_opcoes9:
0x057A	0x2E0D      	DECFSZ      R13, 1, 0
0x057C	0xD7FE      	BRA         L_opcoes9
0x057E	0x2E0C      	DECFSZ      R12, 1, 0
0x0580	0xD7FC      	BRA         L_opcoes9
0x0582	0x2E0B      	DECFSZ      R11, 1, 0
0x0584	0xD7FA      	BRA         L_opcoes9
0x0586	0x0000      	NOP
;tipsybot.c,108 :: 		Lcd_Cmd(_LCD_CLEAR);
0x0588	0x0E01      	MOVLW       1
0x058A	0x6FFB      	MOVWF       FARG_Lcd_Cmd_out_char, 1
0x058C	0xDD60      	RCALL       _Lcd_Cmd
;tipsybot.c,109 :: 		Lcd_Cmd(_LCD_FIRST_ROW);
0x058E	0x0E80      	MOVLW       128
0x0590	0x6FFB      	MOVWF       FARG_Lcd_Cmd_out_char, 1
0x0592	0xDD5D      	RCALL       _Lcd_Cmd
;tipsybot.c,110 :: 		Lcd_OUT_CP("ESCOLHA UM DRINK");
0x0594	0x0E5F      	MOVLW       ?lstr8_tipsybot
0x0596	0x6FF6      	MOVWF       FARG_Lcd_Out_CP_text, 1
0x0598	0x0E00      	MOVLW       hi_addr(?lstr8_tipsybot)
0x059A	0x6FF7      	MOVWF       FARG_Lcd_Out_CP_text+1, 1
0x059C	0xDDA5      	RCALL       _Lcd_Out_CP
;tipsybot.c,111 :: 		Lcd_Cmd(_LCD_SECOND_ROW);
0x059E	0x0EC0      	MOVLW       192
0x05A0	0x6FFB      	MOVWF       FARG_Lcd_Cmd_out_char, 1
0x05A2	0xDD55      	RCALL       _Lcd_Cmd
;tipsybot.c,112 :: 		Lcd_OUT_CP("-> 3: VERDE");
0x05A4	0x0E22      	MOVLW       ?lstr9_tipsybot
0x05A6	0x6FF6      	MOVWF       FARG_Lcd_Out_CP_text, 1
0x05A8	0x0E01      	MOVLW       hi_addr(?lstr9_tipsybot)
0x05AA	0x6FF7      	MOVWF       FARG_Lcd_Out_CP_text+1, 1
0x05AC	0xDD9D      	RCALL       _Lcd_Out_CP
;tipsybot.c,113 :: 		Delay_ms(1300);
0x05AE	0x0E50      	MOVLW       80
0x05B0	0x6E0B      	MOVWF       R11, 0
0x05B2	0x0E24      	MOVLW       36
0x05B4	0x6E0C      	MOVWF       R12, 0
0x05B6	0x0E86      	MOVLW       134
0x05B8	0x6E0D      	MOVWF       R13, 0
L_opcoes10:
0x05BA	0x2E0D      	DECFSZ      R13, 1, 0
0x05BC	0xD7FE      	BRA         L_opcoes10
0x05BE	0x2E0C      	DECFSZ      R12, 1, 0
0x05C0	0xD7FC      	BRA         L_opcoes10
0x05C2	0x2E0B      	DECFSZ      R11, 1, 0
0x05C4	0xD7FA      	BRA         L_opcoes10
0x05C6	0x0000      	NOP
;tipsybot.c,115 :: 		UART1_Write(10);
0x05C8	0x0E0A      	MOVLW       10
0x05CA	0x6FFA      	MOVWF       FARG_UART1_Write_data_, 1
0x05CC	0xDD7F      	RCALL       _UART1_Write
;tipsybot.c,116 :: 		UART1_Write(13);
0x05CE	0x0E0D      	MOVLW       13
0x05D0	0x0101      	MOVLB       1
0x05D2	0x6FFA      	MOVWF       FARG_UART1_Write_data_, 1
0x05D4	0xDD7B      	RCALL       _UART1_Write
;tipsybot.c,117 :: 		UART1_Write_Text("Escolha um drink");
0x05D6	0x0E91      	MOVLW       ?lstr10_tipsybot
0x05D8	0x0101      	MOVLB       1
0x05DA	0x6FF6      	MOVWF       FARG_UART1_Write_Text_uart_text, 1
0x05DC	0x0E01      	MOVLW       hi_addr(?lstr10_tipsybot)
0x05DE	0x6FF7      	MOVWF       FARG_UART1_Write_Text_uart_text+1, 1
0x05E0	0xDD99      	RCALL       _UART1_Write_Text
;tipsybot.c,118 :: 		UART1_Write(10);
0x05E2	0x0E0A      	MOVLW       10
0x05E4	0x6FFA      	MOVWF       FARG_UART1_Write_data_, 1
0x05E6	0xDD72      	RCALL       _UART1_Write
;tipsybot.c,119 :: 		UART1_Write(13);
0x05E8	0x0E0D      	MOVLW       13
0x05EA	0x0101      	MOVLB       1
0x05EC	0x6FFA      	MOVWF       FARG_UART1_Write_data_, 1
0x05EE	0xDD6E      	RCALL       _UART1_Write
;tipsybot.c,120 :: 		UART1_Write_Text("-> 1: AZUL");
0x05F0	0x0E86      	MOVLW       ?lstr11_tipsybot
0x05F2	0x0101      	MOVLB       1
0x05F4	0x6FF6      	MOVWF       FARG_UART1_Write_Text_uart_text, 1
0x05F6	0x0E01      	MOVLW       hi_addr(?lstr11_tipsybot)
0x05F8	0x6FF7      	MOVWF       FARG_UART1_Write_Text_uart_text+1, 1
0x05FA	0xDD8C      	RCALL       _UART1_Write_Text
;tipsybot.c,121 :: 		UART1_Write(10);
0x05FC	0x0E0A      	MOVLW       10
0x05FE	0x6FFA      	MOVWF       FARG_UART1_Write_data_, 1
0x0600	0xDD65      	RCALL       _UART1_Write
;tipsybot.c,122 :: 		UART1_Write(13);
0x0602	0x0E0D      	MOVLW       13
0x0604	0x0101      	MOVLB       1
0x0606	0x6FFA      	MOVWF       FARG_UART1_Write_data_, 1
0x0608	0xDD61      	RCALL       _UART1_Write
;tipsybot.c,123 :: 		UART1_Write_Text("-> 2: AMARELO");
0x060A	0x0E78      	MOVLW       ?lstr12_tipsybot
0x060C	0x0101      	MOVLB       1
0x060E	0x6FF6      	MOVWF       FARG_UART1_Write_Text_uart_text, 1
0x0610	0x0E01      	MOVLW       hi_addr(?lstr12_tipsybot)
0x0612	0x6FF7      	MOVWF       FARG_UART1_Write_Text_uart_text+1, 1
0x0614	0xDD7F      	RCALL       _UART1_Write_Text
;tipsybot.c,124 :: 		UART1_Write(10);
0x0616	0x0E0A      	MOVLW       10
0x0618	0x6FFA      	MOVWF       FARG_UART1_Write_data_, 1
0x061A	0xDD58      	RCALL       _UART1_Write
;tipsybot.c,125 :: 		UART1_Write(13);
0x061C	0x0E0D      	MOVLW       13
0x061E	0x0101      	MOVLB       1
0x0620	0x6FFA      	MOVWF       FARG_UART1_Write_data_, 1
0x0622	0xDD54      	RCALL       _UART1_Write
;tipsybot.c,126 :: 		UART1_Write_Text("-> 3: VERDE");
0x0624	0x0EA2      	MOVLW       ?lstr13_tipsybot
0x0626	0x0101      	MOVLB       1
0x0628	0x6FF6      	MOVWF       FARG_UART1_Write_Text_uart_text, 1
0x062A	0x0E01      	MOVLW       hi_addr(?lstr13_tipsybot)
0x062C	0x6FF7      	MOVWF       FARG_UART1_Write_Text_uart_text+1, 1
0x062E	0xDD72      	RCALL       _UART1_Write_Text
;tipsybot.c,127 :: 		}
0x0630	0xD76A      	BRA         L_opcoes6
;tipsybot.c,128 :: 		}
L_end_opcoes:
0x0632	0x0012      	RETURN      0
; end of _opcoes
_verde:
;tipsybot.c,170 :: 		void verde(){
;tipsybot.c,172 :: 		Lcd_Cmd(_LCD_CLEAR);
0x0634	0x0E01      	MOVLW       1
0x0636	0x0101      	MOVLB       1
0x0638	0x6FFB      	MOVWF       FARG_Lcd_Cmd_out_char, 1
0x063A	0xDD09      	RCALL       _Lcd_Cmd
;tipsybot.c,173 :: 		Lcd_Cmd(_LCD_FIRST_ROW);
0x063C	0x0E80      	MOVLW       128
0x063E	0x6FFB      	MOVWF       FARG_Lcd_Cmd_out_char, 1
0x0640	0xDD06      	RCALL       _Lcd_Cmd
;tipsybot.c,174 :: 		Lcd_OUT_CP(" ::: VERDE :::");
0x0642	0x0ECF      	MOVLW       ?lstr24_tipsybot
0x0644	0x6FF6      	MOVWF       FARG_Lcd_Out_CP_text, 1
0x0646	0x0E01      	MOVLW       hi_addr(?lstr24_tipsybot)
0x0648	0x6FF7      	MOVWF       FARG_Lcd_Out_CP_text+1, 1
0x064A	0xDD4E      	RCALL       _Lcd_Out_CP
;tipsybot.c,175 :: 		Lcd_Cmd(_LCD_SECOND_ROW);
0x064C	0x0EC0      	MOVLW       192
0x064E	0x6FFB      	MOVWF       FARG_Lcd_Cmd_out_char, 1
0x0650	0xDCFE      	RCALL       _Lcd_Cmd
;tipsybot.c,176 :: 		Lcd_OUT_CP("-> 50 mls");
0x0652	0x0EC5      	MOVLW       ?lstr25_tipsybot
0x0654	0x6FF6      	MOVWF       FARG_Lcd_Out_CP_text, 1
0x0656	0x0E01      	MOVLW       hi_addr(?lstr25_tipsybot)
0x0658	0x6FF7      	MOVWF       FARG_Lcd_Out_CP_text+1, 1
0x065A	0xDD46      	RCALL       _Lcd_Out_CP
;tipsybot.c,178 :: 		UART1_Write(10);
0x065C	0x0E0A      	MOVLW       10
0x065E	0x6FFA      	MOVWF       FARG_UART1_Write_data_, 1
0x0660	0xDD35      	RCALL       _UART1_Write
;tipsybot.c,179 :: 		UART1_Write(13);
0x0662	0x0E0D      	MOVLW       13
0x0664	0x0101      	MOVLB       1
0x0666	0x6FFA      	MOVWF       FARG_UART1_Write_data_, 1
0x0668	0xDD31      	RCALL       _UART1_Write
;tipsybot.c,180 :: 		UART1_Write(10);
0x066A	0x0E0A      	MOVLW       10
0x066C	0x0101      	MOVLB       1
0x066E	0x6FFA      	MOVWF       FARG_UART1_Write_data_, 1
0x0670	0xDD2D      	RCALL       _UART1_Write
;tipsybot.c,181 :: 		UART1_Write(13);
0x0672	0x0E0D      	MOVLW       13
0x0674	0x0101      	MOVLB       1
0x0676	0x6FFA      	MOVWF       FARG_UART1_Write_data_, 1
0x0678	0xDD29      	RCALL       _UART1_Write
;tipsybot.c,182 :: 		UART1_Write_Text("-------- VERDE -------");
0x067A	0x0EAE      	MOVLW       ?lstr26_tipsybot
0x067C	0x0101      	MOVLB       1
0x067E	0x6FF6      	MOVWF       FARG_UART1_Write_Text_uart_text, 1
0x0680	0x0E01      	MOVLW       hi_addr(?lstr26_tipsybot)
0x0682	0x6FF7      	MOVWF       FARG_UART1_Write_Text_uart_text+1, 1
0x0684	0xDD47      	RCALL       _UART1_Write_Text
;tipsybot.c,183 :: 		UART1_Write(10);
0x0686	0x0E0A      	MOVLW       10
0x0688	0x6FFA      	MOVWF       FARG_UART1_Write_data_, 1
0x068A	0xDD20      	RCALL       _UART1_Write
;tipsybot.c,184 :: 		UART1_Write(13);
0x068C	0x0E0D      	MOVLW       13
0x068E	0x0101      	MOVLB       1
0x0690	0x6FFA      	MOVWF       FARG_UART1_Write_data_, 1
0x0692	0xDD1C      	RCALL       _UART1_Write
;tipsybot.c,185 :: 		UART1_Write_Text("::: INGREDIENTES :::");
0x0694	0x0E63      	MOVLW       ?lstr27_tipsybot
0x0696	0x0101      	MOVLB       1
0x0698	0x6FF6      	MOVWF       FARG_UART1_Write_Text_uart_text, 1
0x069A	0x0E01      	MOVLW       hi_addr(?lstr27_tipsybot)
0x069C	0x6FF7      	MOVWF       FARG_UART1_Write_Text_uart_text+1, 1
0x069E	0xDD3A      	RCALL       _UART1_Write_Text
;tipsybot.c,186 :: 		UART1_Write(10);
0x06A0	0x0E0A      	MOVLW       10
0x06A2	0x6FFA      	MOVWF       FARG_UART1_Write_data_, 1
0x06A4	0xDD13      	RCALL       _UART1_Write
;tipsybot.c,187 :: 		UART1_Write(13);
0x06A6	0x0E0D      	MOVLW       13
0x06A8	0x0101      	MOVLB       1
0x06AA	0x6FFA      	MOVWF       FARG_UART1_Write_data_, 1
0x06AC	0xDD0F      	RCALL       _UART1_Write
;tipsybot.c,188 :: 		UART1_Write_Text("-> 25 mls da bebida azul");
0x06AE	0x0E4A      	MOVLW       ?lstr28_tipsybot
0x06B0	0x0101      	MOVLB       1
0x06B2	0x6FF6      	MOVWF       FARG_UART1_Write_Text_uart_text, 1
0x06B4	0x0E01      	MOVLW       hi_addr(?lstr28_tipsybot)
0x06B6	0x6FF7      	MOVWF       FARG_UART1_Write_Text_uart_text+1, 1
0x06B8	0xDD2D      	RCALL       _UART1_Write_Text
;tipsybot.c,189 :: 		UART1_Write(10);
0x06BA	0x0E0A      	MOVLW       10
0x06BC	0x6FFA      	MOVWF       FARG_UART1_Write_data_, 1
0x06BE	0xDD06      	RCALL       _UART1_Write
;tipsybot.c,190 :: 		UART1_Write(13);
0x06C0	0x0E0D      	MOVLW       13
0x06C2	0x0101      	MOVLB       1
0x06C4	0x6FFA      	MOVWF       FARG_UART1_Write_data_, 1
0x06C6	0xDD02      	RCALL       _UART1_Write
;tipsybot.c,191 :: 		UART1_Write_Text("-> 25 mls da bebida amarela");
0x06C8	0x0E2E      	MOVLW       ?lstr29_tipsybot
0x06CA	0x0101      	MOVLB       1
0x06CC	0x6FF6      	MOVWF       FARG_UART1_Write_Text_uart_text, 1
0x06CE	0x0E01      	MOVLW       hi_addr(?lstr29_tipsybot)
0x06D0	0x6FF7      	MOVWF       FARG_UART1_Write_Text_uart_text+1, 1
0x06D2	0xDD20      	RCALL       _UART1_Write_Text
;tipsybot.c,192 :: 		}
L_end_verde:
0x06D4	0x0012      	RETURN      0
; end of _verde
_main:
0x06D6	0xF004EC97  	CALL        2350, 0
;tipsybot.c,32 :: 		void main() {
;tipsybot.c,35 :: 		ADCON1 = 0x0F;
0x06DA	0x0E0F      	MOVLW       15
0x06DC	0x6EC1      	MOVWF       ADCON1 
;tipsybot.c,38 :: 		TRISB0_bit = 1;          //botao 1
0x06DE	0x8093      	BSF         TRISB0_bit, BitPos(TRISB0_bit+0) 
;tipsybot.c,39 :: 		TRISB1_bit = 1;          //botao 2
0x06E0	0x8293      	BSF         TRISB1_bit, BitPos(TRISB1_bit+0) 
;tipsybot.c,40 :: 		TRISB2_bit = 1;          //botao 3
0x06E2	0x8493      	BSF         TRISB2_bit, BitPos(TRISB2_bit+0) 
;tipsybot.c,43 :: 		TRISD0_bit = 0;         //passo 1
0x06E4	0x9095      	BCF         TRISD0_bit, BitPos(TRISD0_bit+0) 
;tipsybot.c,44 :: 		TRISD1_bit = 0;         //direo 1
0x06E6	0x9295      	BCF         TRISD1_bit, BitPos(TRISD1_bit+0) 
;tipsybot.c,45 :: 		TRISD2_bit = 0;         //passo 2
0x06E8	0x9495      	BCF         TRISD2_bit, BitPos(TRISD2_bit+0) 
;tipsybot.c,46 :: 		TRISD3_bit = 0;         //direo 2
0x06EA	0x9695      	BCF         TRISD3_bit, BitPos(TRISD3_bit+0) 
;tipsybot.c,49 :: 		Lcd_Init();
0x06EC	0xDDB4      	RCALL       _Lcd_Init
;tipsybot.c,52 :: 		UART1_Init(9600);
0x06EE	0x86B8      	BSF         BAUDCON, 3, 0
0x06F0	0x0E04      	MOVLW       4
0x06F2	0x6EB0      	MOVWF       SPBRGH 
0x06F4	0x0EE1      	MOVLW       225
0x06F6	0x6EAF      	MOVWF       SPBRG 
0x06F8	0x84AC      	BSF         TXSTA, 2, 0
0x06FA	0xDE45      	RCALL       _UART1_Init
;tipsybot.c,55 :: 		opcoes();
0x06FC	0xDF04      	RCALL       _opcoes
;tipsybot.c,56 :: 		drink_1p();
0x06FE	0xDE94      	RCALL       _drink_1p
;tipsybot.c,59 :: 		while(1){
L_main0:
;tipsybot.c,60 :: 		if (Button(&PORTB, 0, 50, 1)){
0x0700	0x0E81      	MOVLW       PORTB
0x0702	0x0101      	MOVLB       1
0x0704	0x6FEF      	MOVWF       FARG_Button_port, 1
0x0706	0x0E0F      	MOVLW       hi_addr(PORTB)
0x0708	0x6FF0      	MOVWF       FARG_Button_port+1, 1
0x070A	0x6BF1      	CLRF        FARG_Button_pin, 1
0x070C	0x0E32      	MOVLW       50
0x070E	0x6FF2      	MOVWF       FARG_Button_time_ms, 1
0x0710	0x0E01      	MOVLW       1
0x0712	0x6FF3      	MOVWF       FARG_Button_active_state, 1
0x0714	0xDD68      	RCALL       _Button
0x0716	0x5200      	MOVF        R0, 1 
0x0718	0xE002      	BZ          L_main2
;tipsybot.c,61 :: 		azul();
0x071A	0xDDF1      	RCALL       _azul
;tipsybot.c,62 :: 		drink_1g();
0x071C	0xDEAA      	RCALL       _drink_1g
;tipsybot.c,63 :: 		}
L_main2:
;tipsybot.c,64 :: 		if (Button(&PORTB, 1, 50, 1)){
0x071E	0x0E81      	MOVLW       PORTB
0x0720	0x0101      	MOVLB       1
0x0722	0x6FEF      	MOVWF       FARG_Button_port, 1
0x0724	0x0E0F      	MOVLW       hi_addr(PORTB)
0x0726	0x6FF0      	MOVWF       FARG_Button_port+1, 1
0x0728	0x0E01      	MOVLW       1
0x072A	0x6FF1      	MOVWF       FARG_Button_pin, 1
0x072C	0x0E32      	MOVLW       50
0x072E	0x6FF2      	MOVWF       FARG_Button_time_ms, 1
0x0730	0x0E01      	MOVLW       1
0x0732	0x6FF3      	MOVWF       FARG_Button_active_state, 1
0x0734	0xDD58      	RCALL       _Button
0x0736	0x5200      	MOVF        R0, 1 
0x0738	0xE002      	BZ          L_main3
;tipsybot.c,65 :: 		amarelo();
0x073A	0xDD11      	RCALL       _amarelo
;tipsybot.c,66 :: 		drink_2g();
0x073C	0xDEBF      	RCALL       _drink_2g
;tipsybot.c,67 :: 		}
L_main3:
;tipsybot.c,68 :: 		if (Button(&PORTB, 2, 50, 1)){
0x073E	0x0E81      	MOVLW       PORTB
0x0740	0x0101      	MOVLB       1
0x0742	0x6FEF      	MOVWF       FARG_Button_port, 1
0x0744	0x0E0F      	MOVLW       hi_addr(PORTB)
0x0746	0x6FF0      	MOVWF       FARG_Button_port+1, 1
0x0748	0x0E02      	MOVLW       2
0x074A	0x6FF1      	MOVWF       FARG_Button_pin, 1
0x074C	0x0E32      	MOVLW       50
0x074E	0x6FF2      	MOVWF       FARG_Button_time_ms, 1
0x0750	0x0E01      	MOVLW       1
0x0752	0x6FF3      	MOVWF       FARG_Button_active_state, 1
0x0754	0xDD48      	RCALL       _Button
0x0756	0x5200      	MOVF        R0, 1 
0x0758	0xE003      	BZ          L_main4
;tipsybot.c,69 :: 		verde();
0x075A	0xDF6C      	RCALL       _verde
;tipsybot.c,70 :: 		drink_1p();
0x075C	0xDE65      	RCALL       _drink_1p
;tipsybot.c,71 :: 		drink_2p();
0x075E	0xDE3F      	RCALL       _drink_2p
;tipsybot.c,72 :: 		}
L_main4:
;tipsybot.c,74 :: 		}
0x0760	0xD7CF      	BRA         L_main0
;tipsybot.c,75 :: 		}
L_end_main:
0x0762	0xD7FF      	BRA         $+0
; end of _main
0x092E	0xF015EE10  	LFSR        1, 21
0x0932	0x0EC9      	MOVLW       201
0x0934	0x6E00      	MOVWF       R0 
0x0936	0x0E02      	MOVLW       2
0x0938	0x6E01      	MOVWF       R1 
0x093A	0x0E64      	MOVLW       100
0x093C	0x6EF6      	MOVWF       4086 
0x093E	0x0E07      	MOVLW       7
0x0940	0x6EF7      	MOVWF       TBLPTRH 
0x0942	0x0E00      	MOVLW       0
0x0944	0x6EF8      	MOVWF       TBLPTRU 
0x0946	0xF001EC77  	CALL        750, 0
0x094A	0x0012      	RETURN      0
;tipsybot.c,0 :: ?ICS?lstr4_tipsybot
0x0764	0x5345 ;?ICS?lstr4_tipsybot+0
0x0766	0x4F43 ;?ICS?lstr4_tipsybot+2
0x0768	0x484C ;?ICS?lstr4_tipsybot+4
0x076A	0x2041 ;?ICS?lstr4_tipsybot+6
0x076C	0x4D55 ;?ICS?lstr4_tipsybot+8
0x076E	0x4420 ;?ICS?lstr4_tipsybot+10
0x0770	0x4952 ;?ICS?lstr4_tipsybot+12
0x0772	0x4B4E ;?ICS?lstr4_tipsybot+14
0x0774	0x00 ;?ICS?lstr4_tipsybot+16
; end of ?ICS?lstr4_tipsybot
;tipsybot.c,0 :: ?ICS?lstr18_tipsybot
0x0775	0x3E2D ;?ICS?lstr18_tipsybot+0
0x0777	0x3520 ;?ICS?lstr18_tipsybot+2
0x0779	0x2030 ;?ICS?lstr18_tipsybot+4
0x077B	0x6C6D ;?ICS?lstr18_tipsybot+6
0x077D	0x2073 ;?ICS?lstr18_tipsybot+8
0x077F	0x6164 ;?ICS?lstr18_tipsybot+10
0x0781	0x6220 ;?ICS?lstr18_tipsybot+12
0x0783	0x6265 ;?ICS?lstr18_tipsybot+14
0x0785	0x6469 ;?ICS?lstr18_tipsybot+16
0x0787	0x2061 ;?ICS?lstr18_tipsybot+18
0x0789	0x7A61 ;?ICS?lstr18_tipsybot+20
0x078B	0x6C75 ;?ICS?lstr18_tipsybot+22
0x078D	0x00 ;?ICS?lstr18_tipsybot+24
; end of ?ICS?lstr18_tipsybot
;tipsybot.c,0 :: ?ICS?lstr17_tipsybot
0x078E	0x3A3A ;?ICS?lstr17_tipsybot+0
0x0790	0x203A ;?ICS?lstr17_tipsybot+2
0x0792	0x4E49 ;?ICS?lstr17_tipsybot+4
0x0794	0x5247 ;?ICS?lstr17_tipsybot+6
0x0796	0x4445 ;?ICS?lstr17_tipsybot+8
0x0798	0x4549 ;?ICS?lstr17_tipsybot+10
0x079A	0x544E ;?ICS?lstr17_tipsybot+12
0x079C	0x5345 ;?ICS?lstr17_tipsybot+14
0x079E	0x3A20 ;?ICS?lstr17_tipsybot+16
0x07A0	0x3A3A ;?ICS?lstr17_tipsybot+18
0x07A2	0x00 ;?ICS?lstr17_tipsybot+20
; end of ?ICS?lstr17_tipsybot
;tipsybot.c,0 :: ?ICS?lstr5_tipsybot
0x07A3	0x3E2D ;?ICS?lstr5_tipsybot+0
0x07A5	0x3120 ;?ICS?lstr5_tipsybot+2
0x07A7	0x203A ;?ICS?lstr5_tipsybot+4
0x07A9	0x5A41 ;?ICS?lstr5_tipsybot+6
0x07AB	0x4C55 ;?ICS?lstr5_tipsybot+8
0x07AD	0x00 ;?ICS?lstr5_tipsybot+10
; end of ?ICS?lstr5_tipsybot
;tipsybot.c,0 :: ?ICS?lstr8_tipsybot
0x07AE	0x5345 ;?ICS?lstr8_tipsybot+0
0x07B0	0x4F43 ;?ICS?lstr8_tipsybot+2
0x07B2	0x484C ;?ICS?lstr8_tipsybot+4
0x07B4	0x2041 ;?ICS?lstr8_tipsybot+6
0x07B6	0x4D55 ;?ICS?lstr8_tipsybot+8
0x07B8	0x4420 ;?ICS?lstr8_tipsybot+10
0x07BA	0x4952 ;?ICS?lstr8_tipsybot+12
0x07BC	0x4B4E ;?ICS?lstr8_tipsybot+14
0x07BE	0x00 ;?ICS?lstr8_tipsybot+16
; end of ?ICS?lstr8_tipsybot
;tipsybot.c,0 :: ?ICS?lstr7_tipsybot
0x07BF	0x3E2D ;?ICS?lstr7_tipsybot+0
0x07C1	0x3220 ;?ICS?lstr7_tipsybot+2
0x07C3	0x203A ;?ICS?lstr7_tipsybot+4
0x07C5	0x4D41 ;?ICS?lstr7_tipsybot+6
0x07C7	0x5241 ;?ICS?lstr7_tipsybot+8
0x07C9	0x4C45 ;?ICS?lstr7_tipsybot+10
0x07CB	0x004F ;?ICS?lstr7_tipsybot+12
; end of ?ICS?lstr7_tipsybot
;tipsybot.c,0 :: ?ICS?lstr6_tipsybot
0x07CD	0x5345 ;?ICS?lstr6_tipsybot+0
0x07CF	0x4F43 ;?ICS?lstr6_tipsybot+2
0x07D1	0x484C ;?ICS?lstr6_tipsybot+4
0x07D3	0x2041 ;?ICS?lstr6_tipsybot+6
0x07D5	0x4D55 ;?ICS?lstr6_tipsybot+8
0x07D7	0x4420 ;?ICS?lstr6_tipsybot+10
0x07D9	0x4952 ;?ICS?lstr6_tipsybot+12
0x07DB	0x4B4E ;?ICS?lstr6_tipsybot+14
0x07DD	0x00 ;?ICS?lstr6_tipsybot+16
; end of ?ICS?lstr6_tipsybot
;tipsybot.c,0 :: ?ICS?lstr16_tipsybot
0x07DE	0x2D2D ;?ICS?lstr16_tipsybot+0
0x07E0	0x2D2D ;?ICS?lstr16_tipsybot+2
0x07E2	0x2D2D ;?ICS?lstr16_tipsybot+4
0x07E4	0x2D2D ;?ICS?lstr16_tipsybot+6
0x07E6	0x4120 ;?ICS?lstr16_tipsybot+8
0x07E8	0x555A ;?ICS?lstr16_tipsybot+10
0x07EA	0x204C ;?ICS?lstr16_tipsybot+12
0x07EC	0x2D2D ;?ICS?lstr16_tipsybot+14
0x07EE	0x2D2D ;?ICS?lstr16_tipsybot+16
0x07F0	0x2D2D ;?ICS?lstr16_tipsybot+18
0x07F2	0x2D2D ;?ICS?lstr16_tipsybot+20
0x07F4	0x00 ;?ICS?lstr16_tipsybot+22
; end of ?ICS?lstr16_tipsybot
;tipsybot.c,0 :: ?ICS?lstr21_tipsybot
0x07F5	0x2D2D ;?ICS?lstr21_tipsybot+0
0x07F7	0x2D2D ;?ICS?lstr21_tipsybot+2
0x07F9	0x2D2D ;?ICS?lstr21_tipsybot+4
0x07FB	0x2D2D ;?ICS?lstr21_tipsybot+6
0x07FD	0x4120 ;?ICS?lstr21_tipsybot+8
0x07FF	0x414D ;?ICS?lstr21_tipsybot+10
0x0801	0x4552 ;?ICS?lstr21_tipsybot+12
0x0803	0x4F4C ;?ICS?lstr21_tipsybot+14
0x0805	0x2D20 ;?ICS?lstr21_tipsybot+16
0x0807	0x2D2D ;?ICS?lstr21_tipsybot+18
0x0809	0x2D2D ;?ICS?lstr21_tipsybot+20
0x080B	0x2D2D ;?ICS?lstr21_tipsybot+22
0x080D	0x002D ;?ICS?lstr21_tipsybot+24
; end of ?ICS?lstr21_tipsybot
;tipsybot.c,0 :: ?ICS?lstr20_tipsybot
0x080F	0x3E2D ;?ICS?lstr20_tipsybot+0
0x0811	0x3520 ;?ICS?lstr20_tipsybot+2
0x0813	0x2030 ;?ICS?lstr20_tipsybot+4
0x0815	0x6C6D ;?ICS?lstr20_tipsybot+6
0x0817	0x00 ;?ICS?lstr20_tipsybot+8
; end of ?ICS?lstr20_tipsybot
;tipsybot.c,0 :: ?ICS?lstr19_tipsybot
0x0818	0x3A3A ;?ICS?lstr19_tipsybot+0
0x081A	0x203A ;?ICS?lstr19_tipsybot+2
0x081C	0x4D41 ;?ICS?lstr19_tipsybot+4
0x081E	0x5241 ;?ICS?lstr19_tipsybot+6
0x0820	0x4C45 ;?ICS?lstr19_tipsybot+8
0x0822	0x204F ;?ICS?lstr19_tipsybot+10
0x0824	0x3A3A ;?ICS?lstr19_tipsybot+12
0x0826	0x003A ;?ICS?lstr19_tipsybot+14
; end of ?ICS?lstr19_tipsybot
;tipsybot.c,0 :: ?ICS?lstr22_tipsybot
0x0828	0x3A3A ;?ICS?lstr22_tipsybot+0
0x082A	0x203A ;?ICS?lstr22_tipsybot+2
0x082C	0x4E49 ;?ICS?lstr22_tipsybot+4
0x082E	0x5247 ;?ICS?lstr22_tipsybot+6
0x0830	0x4445 ;?ICS?lstr22_tipsybot+8
0x0832	0x4549 ;?ICS?lstr22_tipsybot+10
0x0834	0x544E ;?ICS?lstr22_tipsybot+12
0x0836	0x5345 ;?ICS?lstr22_tipsybot+14
0x0838	0x3A20 ;?ICS?lstr22_tipsybot+16
0x083A	0x3A3A ;?ICS?lstr22_tipsybot+18
0x083C	0x00 ;?ICS?lstr22_tipsybot+20
; end of ?ICS?lstr22_tipsybot
;tipsybot.c,0 :: ?ICS?lstr15_tipsybot
0x083D	0x3E2D ;?ICS?lstr15_tipsybot+0
0x083F	0x3520 ;?ICS?lstr15_tipsybot+2
0x0841	0x2030 ;?ICS?lstr15_tipsybot+4
0x0843	0x6C6D ;?ICS?lstr15_tipsybot+6
0x0845	0x00 ;?ICS?lstr15_tipsybot+8
; end of ?ICS?lstr15_tipsybot
;tipsybot.c,0 :: ?ICS?lstr14_tipsybot
0x0846	0x2020 ;?ICS?lstr14_tipsybot+0
0x0848	0x3A3A ;?ICS?lstr14_tipsybot+2
0x084A	0x203A ;?ICS?lstr14_tipsybot+4
0x084C	0x5A41 ;?ICS?lstr14_tipsybot+6
0x084E	0x4C55 ;?ICS?lstr14_tipsybot+8
0x0850	0x3A20 ;?ICS?lstr14_tipsybot+10
0x0852	0x3A3A ;?ICS?lstr14_tipsybot+12
0x0854	0x00 ;?ICS?lstr14_tipsybot+14
; end of ?ICS?lstr14_tipsybot
;tipsybot.c,0 :: ?ICS?lstr23_tipsybot
0x0855	0x3E2D ;?ICS?lstr23_tipsybot+0
0x0857	0x3520 ;?ICS?lstr23_tipsybot+2
0x0859	0x2030 ;?ICS?lstr23_tipsybot+4
0x085B	0x6C6D ;?ICS?lstr23_tipsybot+6
0x085D	0x2073 ;?ICS?lstr23_tipsybot+8
0x085F	0x6164 ;?ICS?lstr23_tipsybot+10
0x0861	0x6220 ;?ICS?lstr23_tipsybot+12
0x0863	0x6265 ;?ICS?lstr23_tipsybot+14
0x0865	0x6469 ;?ICS?lstr23_tipsybot+16
0x0867	0x2061 ;?ICS?lstr23_tipsybot+18
0x0869	0x6D61 ;?ICS?lstr23_tipsybot+20
0x086B	0x7261 ;?ICS?lstr23_tipsybot+22
0x086D	0x6C65 ;?ICS?lstr23_tipsybot+24
0x086F	0x0061 ;?ICS?lstr23_tipsybot+26
; end of ?ICS?lstr23_tipsybot
;tipsybot.c,0 :: ?ICS?lstr9_tipsybot
0x0871	0x3E2D ;?ICS?lstr9_tipsybot+0
0x0873	0x3320 ;?ICS?lstr9_tipsybot+2
0x0875	0x203A ;?ICS?lstr9_tipsybot+4
0x0877	0x4556 ;?ICS?lstr9_tipsybot+6
0x0879	0x4452 ;?ICS?lstr9_tipsybot+8
0x087B	0x0045 ;?ICS?lstr9_tipsybot+10
; end of ?ICS?lstr9_tipsybot
;tipsybot.c,0 :: ?ICS?lstr29_tipsybot
0x087D	0x3E2D ;?ICS?lstr29_tipsybot+0
0x087F	0x3220 ;?ICS?lstr29_tipsybot+2
0x0881	0x2035 ;?ICS?lstr29_tipsybot+4
0x0883	0x6C6D ;?ICS?lstr29_tipsybot+6
0x0885	0x2073 ;?ICS?lstr29_tipsybot+8
0x0887	0x6164 ;?ICS?lstr29_tipsybot+10
0x0889	0x6220 ;?ICS?lstr29_tipsybot+12
0x088B	0x6265 ;?ICS?lstr29_tipsybot+14
0x088D	0x6469 ;?ICS?lstr29_tipsybot+16
0x088F	0x2061 ;?ICS?lstr29_tipsybot+18
0x0891	0x6D61 ;?ICS?lstr29_tipsybot+20
0x0893	0x7261 ;?ICS?lstr29_tipsybot+22
0x0895	0x6C65 ;?ICS?lstr29_tipsybot+24
0x0897	0x0061 ;?ICS?lstr29_tipsybot+26
; end of ?ICS?lstr29_tipsybot
;tipsybot.c,0 :: ?ICS?lstr28_tipsybot
0x0899	0x3E2D ;?ICS?lstr28_tipsybot+0
0x089B	0x3220 ;?ICS?lstr28_tipsybot+2
0x089D	0x2035 ;?ICS?lstr28_tipsybot+4
0x089F	0x6C6D ;?ICS?lstr28_tipsybot+6
0x08A1	0x2073 ;?ICS?lstr28_tipsybot+8
0x08A3	0x6164 ;?ICS?lstr28_tipsybot+10
0x08A5	0x6220 ;?ICS?lstr28_tipsybot+12
0x08A7	0x6265 ;?ICS?lstr28_tipsybot+14
0x08A9	0x6469 ;?ICS?lstr28_tipsybot+16
0x08AB	0x2061 ;?ICS?lstr28_tipsybot+18
0x08AD	0x7A61 ;?ICS?lstr28_tipsybot+20
0x08AF	0x6C75 ;?ICS?lstr28_tipsybot+22
0x08B1	0x00 ;?ICS?lstr28_tipsybot+24
; end of ?ICS?lstr28_tipsybot
;tipsybot.c,0 :: ?ICS?lstr27_tipsybot
0x08B2	0x3A3A ;?ICS?lstr27_tipsybot+0
0x08B4	0x203A ;?ICS?lstr27_tipsybot+2
0x08B6	0x4E49 ;?ICS?lstr27_tipsybot+4
0x08B8	0x5247 ;?ICS?lstr27_tipsybot+6
0x08BA	0x4445 ;?ICS?lstr27_tipsybot+8
0x08BC	0x4549 ;?ICS?lstr27_tipsybot+10
0x08BE	0x544E ;?ICS?lstr27_tipsybot+12
0x08C0	0x5345 ;?ICS?lstr27_tipsybot+14
0x08C2	0x3A20 ;?ICS?lstr27_tipsybot+16
0x08C4	0x3A3A ;?ICS?lstr27_tipsybot+18
0x08C6	0x00 ;?ICS?lstr27_tipsybot+20
; end of ?ICS?lstr27_tipsybot
;tipsybot.c,0 :: ?ICS?lstr12_tipsybot
0x08C7	0x3E2D ;?ICS?lstr12_tipsybot+0
0x08C9	0x3220 ;?ICS?lstr12_tipsybot+2
0x08CB	0x203A ;?ICS?lstr12_tipsybot+4
0x08CD	0x4D41 ;?ICS?lstr12_tipsybot+6
0x08CF	0x5241 ;?ICS?lstr12_tipsybot+8
0x08D1	0x4C45 ;?ICS?lstr12_tipsybot+10
0x08D3	0x004F ;?ICS?lstr12_tipsybot+12
; end of ?ICS?lstr12_tipsybot
;tipsybot.c,0 :: ?ICS?lstr11_tipsybot
0x08D5	0x3E2D ;?ICS?lstr11_tipsybot+0
0x08D7	0x3120 ;?ICS?lstr11_tipsybot+2
0x08D9	0x203A ;?ICS?lstr11_tipsybot+4
0x08DB	0x5A41 ;?ICS?lstr11_tipsybot+6
0x08DD	0x4C55 ;?ICS?lstr11_tipsybot+8
0x08DF	0x00 ;?ICS?lstr11_tipsybot+10
; end of ?ICS?lstr11_tipsybot
;tipsybot.c,0 :: ?ICS?lstr10_tipsybot
0x08E0	0x7345 ;?ICS?lstr10_tipsybot+0
0x08E2	0x6F63 ;?ICS?lstr10_tipsybot+2
0x08E4	0x686C ;?ICS?lstr10_tipsybot+4
0x08E6	0x2061 ;?ICS?lstr10_tipsybot+6
0x08E8	0x6D75 ;?ICS?lstr10_tipsybot+8
0x08EA	0x6420 ;?ICS?lstr10_tipsybot+10
0x08EC	0x6972 ;?ICS?lstr10_tipsybot+12
0x08EE	0x6B6E ;?ICS?lstr10_tipsybot+14
0x08F0	0x00 ;?ICS?lstr10_tipsybot+16
; end of ?ICS?lstr10_tipsybot
;tipsybot.c,0 :: ?ICS?lstr13_tipsybot
0x08F1	0x3E2D ;?ICS?lstr13_tipsybot+0
0x08F3	0x3320 ;?ICS?lstr13_tipsybot+2
0x08F5	0x203A ;?ICS?lstr13_tipsybot+4
0x08F7	0x4556 ;?ICS?lstr13_tipsybot+6
0x08F9	0x4452 ;?ICS?lstr13_tipsybot+8
0x08FB	0x0045 ;?ICS?lstr13_tipsybot+10
; end of ?ICS?lstr13_tipsybot
;tipsybot.c,0 :: ?ICS?lstr26_tipsybot
0x08FD	0x2D2D ;?ICS?lstr26_tipsybot+0
0x08FF	0x2D2D ;?ICS?lstr26_tipsybot+2
0x0901	0x2D2D ;?ICS?lstr26_tipsybot+4
0x0903	0x2D2D ;?ICS?lstr26_tipsybot+6
0x0905	0x5620 ;?ICS?lstr26_tipsybot+8
0x0907	0x5245 ;?ICS?lstr26_tipsybot+10
0x0909	0x4544 ;?ICS?lstr26_tipsybot+12
0x090B	0x2D20 ;?ICS?lstr26_tipsybot+14
0x090D	0x2D2D ;?ICS?lstr26_tipsybot+16
0x090F	0x2D2D ;?ICS?lstr26_tipsybot+18
0x0911	0x2D2D ;?ICS?lstr26_tipsybot+20
0x0913	0x00 ;?ICS?lstr26_tipsybot+22
; end of ?ICS?lstr26_tipsybot
;tipsybot.c,0 :: ?ICS?lstr25_tipsybot
0x0914	0x3E2D ;?ICS?lstr25_tipsybot+0
0x0916	0x3520 ;?ICS?lstr25_tipsybot+2
0x0918	0x2030 ;?ICS?lstr25_tipsybot+4
0x091A	0x6C6D ;?ICS?lstr25_tipsybot+6
0x091C	0x0073 ;?ICS?lstr25_tipsybot+8
; end of ?ICS?lstr25_tipsybot
;tipsybot.c,0 :: ?ICS?lstr24_tipsybot
0x091E	0x3A20 ;?ICS?lstr24_tipsybot+0
0x0920	0x3A3A ;?ICS?lstr24_tipsybot+2
0x0922	0x5620 ;?ICS?lstr24_tipsybot+4
0x0924	0x5245 ;?ICS?lstr24_tipsybot+6
0x0926	0x4544 ;?ICS?lstr24_tipsybot+8
0x0928	0x3A20 ;?ICS?lstr24_tipsybot+10
0x092A	0x3A3A ;?ICS?lstr24_tipsybot+12
0x092C	0x00 ;?ICS?lstr24_tipsybot+14
; end of ?ICS?lstr24_tipsybot
Symbol List:
//** Routines locations **
//ADDRESS    SIZE    PROCEDURE
//----------------------------------------------
0x001C      [14]    _Delay_50us
0x002A      [22]    _Delay_5500us
0x0040      [14]    _Delay_1us
0x004E     [126]    _Lcd_Cmd
0x00CC      [14]    _UART1_Write
0x00DA      [14]    _Lcd_Chr_CP
0x00E8      [44]    _Lcd_Out_CP
0x0114      [52]    _UART1_Write_Text
0x0148      [22]    _Delay_500us
0x015E     [136]    _amarelo
0x01E6     [112]    _Button
0x0256     [152]    _Lcd_Init
0x02EE      [16]    ___CC2DW
0x02FE     [136]    _azul
0x0386      [88]    _UART1_Init
0x03DE      [74]    _drink_2p
0x0428      [74]    _drink_1p
0x0472      [74]    _drink_1g
0x04BC      [74]    _drink_2g
0x0506     [302]    _opcoes
0x0634     [162]    _verde
0x06D6     [142]    _main
//** Variables locations ** 
//ADDRESS    SIZE    VARIABLE
//----------------------------------------------
0x0000       [1]    UART1_Init_tmp_L0
0x0000       [1]    R0
0x0001       [1]    R1
0x0001       [2]    drink_1p_i_L0
0x0001       [2]    drink_2p_i_L0
0x0001       [2]    drink_1g_i_L0
0x0001       [2]    drink_2g_i_L0
0x0001       [1]    UART1_Read___tmp_UART1_Read_L0
0x0002       [1]    R2
0x0003       [1]    R3
0x0004       [1]    R4
0x0005       [1]    R5
0x0006       [1]    R6
0x0007       [1]    R7
0x0008       [1]    R8
0x0009       [1]    R9
0x000A       [1]    R10
0x000B       [1]    R11
0x000C       [1]    R12
0x000D       [1]    R13
0x000E       [1]    R14
0x000F       [1]    R15
0x0010       [1]    R16
0x0011       [1]    R17
0x0012       [1]    R18
0x0013       [1]    R19
0x0014       [1]    R20
0x0015      [17]    ?lstr4_tipsybot
0x0026      [25]    ?lstr18_tipsybot
0x003F      [21]    ?lstr17_tipsybot
0x0054      [11]    ?lstr5_tipsybot
0x005F      [17]    ?lstr8_tipsybot
0x0070      [14]    ?lstr7_tipsybot
0x007E      [17]    ?lstr6_tipsybot
0x008F      [23]    ?lstr16_tipsybot
0x00A6      [26]    ?lstr21_tipsybot
0x00C0       [9]    ?lstr20_tipsybot
0x00C9      [16]    ?lstr19_tipsybot
0x00D9      [21]    ?lstr22_tipsybot
0x00EE       [9]    ?lstr15_tipsybot
0x00F7      [15]    ?lstr14_tipsybot
0x0106      [28]    ?lstr23_tipsybot
0x0122      [12]    ?lstr9_tipsybot
0x012E      [28]    ?lstr29_tipsybot
0x014A      [25]    ?lstr28_tipsybot
0x0163      [21]    ?lstr27_tipsybot
0x0178      [14]    ?lstr12_tipsybot
0x0186      [11]    ?lstr11_tipsybot
0x0191      [17]    ?lstr10_tipsybot
0x01A2      [12]    ?lstr13_tipsybot
0x01AE      [23]    ?lstr26_tipsybot
0x01C5      [10]    ?lstr25_tipsybot
0x01CF      [15]    ?lstr24_tipsybot
0x01DE       [0]    __Lib_Lcd_cmd_status
0x01DF       [4]    _UART_Wr_Ptr
0x01E3       [4]    _UART_Tx_Idle_Ptr
0x01E7       [4]    _UART_Rdy_Ptr
0x01EB       [4]    _UART_Rd_Ptr
0x01EF       [2]    FARG_Button_port
0x01F1       [1]    FARG_Button_pin
0x01F2       [1]    FARG_Button_time_ms
0x01F3       [1]    FARG_Button_active_state
0x01F4       [1]    Button_pMask_L0
0x01F5       [1]    Button_rslt_L0
0x01F6       [2]    FARG_Lcd_Out_CP_text
0x01F6       [2]    FARG_UART1_Write_Text_uart_text
0x01F8       [1]    UART1_Write_Text_data__L0
0x01F8       [1]    Lcd_Out_CP_i_L0
0x01F9       [1]    UART1_Write_Text_counter_L0
0x01FA       [1]    FARG_Lcd_Chr_CP_out_char
0x01FA       [1]    FARG_UART1_Write_data_
0x01FB       [1]    FARG_Lcd_Cmd_out_char
0x0F81       [1]    PORTB
0x0F82       [0]    LCD_EN
0x0F82       [0]    LCD_RS
0x0F82       [0]    RC0_bit
0x0F82       [0]    RC1_bit
0x0F83       [0]    LCD_D5
0x0F83       [0]    RD7_bit
0x0F83       [0]    LCD_D6
0x0F83       [0]    LCD_D7
0x0F83       [0]    RD6_bit
0x0F83       [0]    RD4_bit
0x0F83       [0]    LCD_D4
0x0F83       [0]    RD5_bit
0x0F8C       [0]    LATD1_bit
0x0F8C       [0]    LATD0_bit
0x0F93       [0]    TRISB1_bit
0x0F93       [0]    TRISB2_bit
0x0F93       [0]    TRISB0_bit
0x0F94       [0]    TRISC1_bit
0x0F94       [0]    TRISC7_bit
0x0F94       [0]    TRISC6_bit
0x0F94       [0]    LCD_EN_Direction
0x0F94       [0]    LCD_RS_Direction
0x0F94       [0]    TRISC0_bit
0x0F95       [0]    LCD_D7_Direction
0x0F95       [0]    LCD_D6_Direction
0x0F95       [0]    TRISD0_bit
0x0F95       [0]    TRISD1_bit
0x0F95       [0]    TRISD7_bit
0x0F95       [0]    TRISD6_bit
0x0F95       [0]    TRISD4_bit
0x0F95       [0]    TRISD2_bit
0x0F95       [0]    TRISD5_bit
0x0F95       [0]    TRISD3_bit
0x0F95       [0]    LCD_D4_Direction
0x0F95       [0]    LCD_D5_Direction
0x0F9E       [1]    PIR1
0x0FAB       [1]    RCSTA
0x0FAC       [1]    TXSTA
0x0FAD       [1]    TXREG
0x0FAE       [1]    RCREG
0x0FAF       [1]    SPBRG
0x0FB0       [1]    SPBRGH
0x0FB8       [1]    BAUDCON
0x0FC1       [1]    ADCON1
0x0FD8       [1]    STATUS
0x0FD9       [1]    FSR2L
0x0FDA       [1]    FSR2H
0x0FDE       [1]    POSTINC2
0x0FE0       [1]    BSR
0x0FE1       [1]    FSR1L
0x0FE2       [1]    FSR1H
0x0FE4       [1]    PREINC1
0x0FE6       [1]    POSTINC1
0x0FE7       [1]    INDF1
0x0FE8       [1]    WREG
0x0FE9       [1]    FSR0L
0x0FEA       [1]    FSR0H
0x0FEE       [1]    POSTINC0
0x0FF3       [1]    PRODL
0x0FF4       [1]    PRODH
0x0FF5       [1]    TABLAT
0x0FF6       [1]    TBLPTRL
0x0FF7       [1]    TBLPTRH
0x0FF8       [1]    TBLPTRU
//** Constants locations ** 
//ADDRESS    SIZE    CONSTANT
//----------------------------------------------
0x0764      [17]    ?ICS?lstr4_tipsybot
0x0775      [25]    ?ICS?lstr18_tipsybot
0x078E      [21]    ?ICS?lstr17_tipsybot
0x07A3      [11]    ?ICS?lstr5_tipsybot
0x07AE      [17]    ?ICS?lstr8_tipsybot
0x07BF      [14]    ?ICS?lstr7_tipsybot
0x07CD      [17]    ?ICS?lstr6_tipsybot
0x07DE      [23]    ?ICS?lstr16_tipsybot
0x07F5      [26]    ?ICS?lstr21_tipsybot
0x080F       [9]    ?ICS?lstr20_tipsybot
0x0818      [16]    ?ICS?lstr19_tipsybot
0x0828      [21]    ?ICS?lstr22_tipsybot
0x083D       [9]    ?ICS?lstr15_tipsybot
0x0846      [15]    ?ICS?lstr14_tipsybot
0x0855      [28]    ?ICS?lstr23_tipsybot
0x0871      [12]    ?ICS?lstr9_tipsybot
0x087D      [28]    ?ICS?lstr29_tipsybot
0x0899      [25]    ?ICS?lstr28_tipsybot
0x08B2      [21]    ?ICS?lstr27_tipsybot
0x08C7      [14]    ?ICS?lstr12_tipsybot
0x08D5      [11]    ?ICS?lstr11_tipsybot
0x08E0      [17]    ?ICS?lstr10_tipsybot
0x08F1      [12]    ?ICS?lstr13_tipsybot
0x08FD      [23]    ?ICS?lstr26_tipsybot
0x0914      [10]    ?ICS?lstr25_tipsybot
0x091E      [15]    ?ICS?lstr24_tipsybot
